

Microchip MPLAB XC8 Assembler V2.05 build -831301201 
                                                                                               Tue Aug 06 02:03:59 2019

Microchip MPLAB XC8 C Compiler v2.05 (Free license) build 20181220022703 Og1 
     1                           	processor	16F1512
     2                           	opt	pw 120
     3                           	opt	flic
     4                           	psect	idataCOMMON,global,class=CODE,delta=2
     5                           	psect	idataBANK0,global,class=CODE,delta=2
     6                           	psect	cinit,global,class=CODE,merge=1,delta=2
     7                           	psect	bssCOMMON,global,class=COMMON,space=1,delta=1
     8                           	psect	dataCOMMON,global,class=COMMON,space=1,delta=1
     9                           	psect	dataBANK0,global,class=BANK0,space=1,delta=1
    10                           	psect	inittext,global,class=CODE,delta=2
    11                           	psect	cstackCOMMON,global,class=COMMON,space=1,delta=1
    12                           	psect	maintext,global,class=CODE,merge=1,split=1,delta=2
    13                           	psect	text1,local,class=CODE,merge=1,delta=2
    14                           	psect	text2,local,class=CODE,merge=1,delta=2
    15                           	psect	text3,local,class=CODE,merge=1,delta=2
    16                           	psect	text4,local,class=CODE,merge=1,delta=2
    17                           	psect	text5,local,class=CODE,merge=1,delta=2
    18                           	psect	intentry,global,class=CODE,delta=2
    19                           	psect	text7,local,class=CODE,merge=1,delta=2
    20                           	psect	text8,local,class=CODE,merge=1,delta=2
    21                           	dabs	1,0x7E,2
    22  0000                     
    23                           ; Version 2.05
    24                           ; Generated 20/12/2018 GMT
    25                           ; 
    26                           ; Copyright © 2018, Microchip Technology Inc. and its subsidiaries ("Microchip")
    27                           ; All rights reserved.
    28                           ; 
    29                           ; This software is developed by Microchip Technology Inc. and its subsidiaries ("Microch
      +                          ip").
    30                           ; 
    31                           ; Redistribution and use in source and binary forms, with or without modification, are
    32                           ; permitted provided that the following conditions are met:
    33                           ; 
    34                           ;     1. Redistributions of source code must retain the above copyright notice, this lis
      +                          t of
    35                           ;        conditions and the following disclaimer.
    36                           ; 
    37                           ;     2. Redistributions in binary form must reproduce the above copyright notice, this 
      +                          list
    38                           ;        of conditions and the following disclaimer in the documentation and/or other
    39                           ;        materials provided with the distribution.
    40                           ; 
    41                           ;     3. Microchip's name may not be used to endorse or promote products derived from th
      +                          is
    42                           ;        software without specific prior written permission.
    43                           ; 
    44                           ; THIS SOFTWARE IS PROVIDED BY MICROCHIP "AS IS" AND ANY EXPRESS OR IMPLIED WARRANTIES,
    45                           ; INCLUDING, BUT NOT LIMITED TO, THE IMPLIED WARRANTIES OF MERCHANTABILITY AND FITNESS F
      +                          OR
    46                           ; PURPOSE ARE DISCLAIMED.  IN NO EVENT SHALL MICROCHIP BE LIABLE FOR ANY DIRECT, INDIREC
      +                          T,
    47                           ; INCIDENTAL, SPECIAL, EXEMPLARY, OR CONSEQUENTIAL DAMAGES (INCLUDING BUT NOT LIMITED TO
    48                           ; PROCUREMENT OF SUBSTITUTE GOODS OR SERVICES; LOSS OF USE, DATA OR PROFITS; OR BUSINESS
    49                           ; INTERRUPTION) HOWSOEVER CAUSED AND ON ANY THEORY OF LIABILITY, WHETHER IN CONTRACT, ST
      +                          RICT
    50                           ; LIABILITY, OR TORT (INCLUDING NEGLIGENCE OR OTHERWISE) ARISING IN ANY WAY OUT OF THE U
      +                          SE OF
    51                           ; THIS SOFTWARE, EVEN IF ADVISED OF THE POSSIBILITY OF SUCH DAMAGE.
    52                           ; 
    53                           ; 
    54                           ; Code-generator required, PIC16F1512 Definitions
    55                           ; 
    56                           ; SFR Addresses
    57  0000                     	;# 
    58  0001                     	;# 
    59  0002                     	;# 
    60  0003                     	;# 
    61  0004                     	;# 
    62  0005                     	;# 
    63  0006                     	;# 
    64  0007                     	;# 
    65  0008                     	;# 
    66  0009                     	;# 
    67  000A                     	;# 
    68  000B                     	;# 
    69  000C                     	;# 
    70  000D                     	;# 
    71  000E                     	;# 
    72  0010                     	;# 
    73  0011                     	;# 
    74  0012                     	;# 
    75  0015                     	;# 
    76  0016                     	;# 
    77  0016                     	;# 
    78  0017                     	;# 
    79  0018                     	;# 
    80  0019                     	;# 
    81  001A                     	;# 
    82  001B                     	;# 
    83  001C                     	;# 
    84  008C                     	;# 
    85  008D                     	;# 
    86  008E                     	;# 
    87  0090                     	;# 
    88  0091                     	;# 
    89  0092                     	;# 
    90  0095                     	;# 
    91  0096                     	;# 
    92  0097                     	;# 
    93  0099                     	;# 
    94  009A                     	;# 
    95  009B                     	;# 
    96  009B                     	;# 
    97  009B                     	;# 
    98  009B                     	;# 
    99  009C                     	;# 
   100  009C                     	;# 
   101  009D                     	;# 
   102  009E                     	;# 
   103  010C                     	;# 
   104  010D                     	;# 
   105  010E                     	;# 
   106  0116                     	;# 
   107  0117                     	;# 
   108  011D                     	;# 
   109  018C                     	;# 
   110  018D                     	;# 
   111  018E                     	;# 
   112  0191                     	;# 
   113  0191                     	;# 
   114  0192                     	;# 
   115  0193                     	;# 
   116  0193                     	;# 
   117  0194                     	;# 
   118  0195                     	;# 
   119  0196                     	;# 
   120  0197                     	;# 
   121  0199                     	;# 
   122  019A                     	;# 
   123  019B                     	;# 
   124  019B                     	;# 
   125  019B                     	;# 
   126  019B                     	;# 
   127  019C                     	;# 
   128  019C                     	;# 
   129  019D                     	;# 
   130  019E                     	;# 
   131  019F                     	;# 
   132  020D                     	;# 
   133  0210                     	;# 
   134  0211                     	;# 
   135  0211                     	;# 
   136  0212                     	;# 
   137  0212                     	;# 
   138  0213                     	;# 
   139  0213                     	;# 
   140  0214                     	;# 
   141  0214                     	;# 
   142  0215                     	;# 
   143  0215                     	;# 
   144  0215                     	;# 
   145  0216                     	;# 
   146  0216                     	;# 
   147  0217                     	;# 
   148  0217                     	;# 
   149  0291                     	;# 
   150  0291                     	;# 
   151  0292                     	;# 
   152  0293                     	;# 
   153  0298                     	;# 
   154  0298                     	;# 
   155  0299                     	;# 
   156  029A                     	;# 
   157  0394                     	;# 
   158  0395                     	;# 
   159  0396                     	;# 
   160  0FE4                     	;# 
   161  0FE5                     	;# 
   162  0FE6                     	;# 
   163  0FE7                     	;# 
   164  0FE8                     	;# 
   165  0FE9                     	;# 
   166  0FEA                     	;# 
   167  0FEB                     	;# 
   168  0FED                     	;# 
   169  0FEE                     	;# 
   170  0FEF                     	;# 
   171  0711                     	;# 
   172  0712                     	;# 
   173  0713                     	;# 
   174  0714                     	;# 
   175  0715                     	;# 
   176  0716                     	;# 
   177  0717                     	;# 
   178  0718                     	;# 
   179  0719                     	;# 
   180  071A                     	;# 
   181  071A                     	;# 
   182  071A                     	;# 
   183  071B                     	;# 
   184  071C                     	;# 
   185  071C                     	;# 
   186  071C                     	;# 
   187  071D                     	;# 
   188  0000                     	;# 
   189  0001                     	;# 
   190  0002                     	;# 
   191  0003                     	;# 
   192  0004                     	;# 
   193  0005                     	;# 
   194  0006                     	;# 
   195  0007                     	;# 
   196  0008                     	;# 
   197  0009                     	;# 
   198  000A                     	;# 
   199  000B                     	;# 
   200  000C                     	;# 
   201  000D                     	;# 
   202  000E                     	;# 
   203  0010                     	;# 
   204  0011                     	;# 
   205  0012                     	;# 
   206  0015                     	;# 
   207  0016                     	;# 
   208  0016                     	;# 
   209  0017                     	;# 
   210  0018                     	;# 
   211  0019                     	;# 
   212  001A                     	;# 
   213  001B                     	;# 
   214  001C                     	;# 
   215  008C                     	;# 
   216  008D                     	;# 
   217  008E                     	;# 
   218  0090                     	;# 
   219  0091                     	;# 
   220  0092                     	;# 
   221  0095                     	;# 
   222  0096                     	;# 
   223  0097                     	;# 
   224  0099                     	;# 
   225  009A                     	;# 
   226  009B                     	;# 
   227  009B                     	;# 
   228  009B                     	;# 
   229  009B                     	;# 
   230  009C                     	;# 
   231  009C                     	;# 
   232  009D                     	;# 
   233  009E                     	;# 
   234  010C                     	;# 
   235  010D                     	;# 
   236  010E                     	;# 
   237  0116                     	;# 
   238  0117                     	;# 
   239  011D                     	;# 
   240  018C                     	;# 
   241  018D                     	;# 
   242  018E                     	;# 
   243  0191                     	;# 
   244  0191                     	;# 
   245  0192                     	;# 
   246  0193                     	;# 
   247  0193                     	;# 
   248  0194                     	;# 
   249  0195                     	;# 
   250  0196                     	;# 
   251  0197                     	;# 
   252  0199                     	;# 
   253  019A                     	;# 
   254  019B                     	;# 
   255  019B                     	;# 
   256  019B                     	;# 
   257  019B                     	;# 
   258  019C                     	;# 
   259  019C                     	;# 
   260  019D                     	;# 
   261  019E                     	;# 
   262  019F                     	;# 
   263  020D                     	;# 
   264  0210                     	;# 
   265  0211                     	;# 
   266  0211                     	;# 
   267  0212                     	;# 
   268  0212                     	;# 
   269  0213                     	;# 
   270  0213                     	;# 
   271  0214                     	;# 
   272  0214                     	;# 
   273  0215                     	;# 
   274  0215                     	;# 
   275  0215                     	;# 
   276  0216                     	;# 
   277  0216                     	;# 
   278  0217                     	;# 
   279  0217                     	;# 
   280  0291                     	;# 
   281  0291                     	;# 
   282  0292                     	;# 
   283  0293                     	;# 
   284  0298                     	;# 
   285  0298                     	;# 
   286  0299                     	;# 
   287  029A                     	;# 
   288  0394                     	;# 
   289  0395                     	;# 
   290  0396                     	;# 
   291  0FE4                     	;# 
   292  0FE5                     	;# 
   293  0FE6                     	;# 
   294  0FE7                     	;# 
   295  0FE8                     	;# 
   296  0FE9                     	;# 
   297  0FEA                     	;# 
   298  0FEB                     	;# 
   299  0FED                     	;# 
   300  0FEE                     	;# 
   301  0FEF                     	;# 
   302  0711                     	;# 
   303  0712                     	;# 
   304  0713                     	;# 
   305  0714                     	;# 
   306  0715                     	;# 
   307  0716                     	;# 
   308  0717                     	;# 
   309  0718                     	;# 
   310  0719                     	;# 
   311  071A                     	;# 
   312  071A                     	;# 
   313  071A                     	;# 
   314  071B                     	;# 
   315  071C                     	;# 
   316  071C                     	;# 
   317  071C                     	;# 
   318  071D                     	;# 
   319  0000                     	;# 
   320  0001                     	;# 
   321  0002                     	;# 
   322  0003                     	;# 
   323  0004                     	;# 
   324  0005                     	;# 
   325  0006                     	;# 
   326  0007                     	;# 
   327  0008                     	;# 
   328  0009                     	;# 
   329  000A                     	;# 
   330  000B                     	;# 
   331  000C                     	;# 
   332  000D                     	;# 
   333  000E                     	;# 
   334  0010                     	;# 
   335  0011                     	;# 
   336  0012                     	;# 
   337  0015                     	;# 
   338  0016                     	;# 
   339  0016                     	;# 
   340  0017                     	;# 
   341  0018                     	;# 
   342  0019                     	;# 
   343  001A                     	;# 
   344  001B                     	;# 
   345  001C                     	;# 
   346  008C                     	;# 
   347  008D                     	;# 
   348  008E                     	;# 
   349  0090                     	;# 
   350  0091                     	;# 
   351  0092                     	;# 
   352  0095                     	;# 
   353  0096                     	;# 
   354  0097                     	;# 
   355  0099                     	;# 
   356  009A                     	;# 
   357  009B                     	;# 
   358  009B                     	;# 
   359  009B                     	;# 
   360  009B                     	;# 
   361  009C                     	;# 
   362  009C                     	;# 
   363  009D                     	;# 
   364  009E                     	;# 
   365  010C                     	;# 
   366  010D                     	;# 
   367  010E                     	;# 
   368  0116                     	;# 
   369  0117                     	;# 
   370  011D                     	;# 
   371  018C                     	;# 
   372  018D                     	;# 
   373  018E                     	;# 
   374  0191                     	;# 
   375  0191                     	;# 
   376  0192                     	;# 
   377  0193                     	;# 
   378  0193                     	;# 
   379  0194                     	;# 
   380  0195                     	;# 
   381  0196                     	;# 
   382  0197                     	;# 
   383  0199                     	;# 
   384  019A                     	;# 
   385  019B                     	;# 
   386  019B                     	;# 
   387  019B                     	;# 
   388  019B                     	;# 
   389  019C                     	;# 
   390  019C                     	;# 
   391  019D                     	;# 
   392  019E                     	;# 
   393  019F                     	;# 
   394  020D                     	;# 
   395  0210                     	;# 
   396  0211                     	;# 
   397  0211                     	;# 
   398  0212                     	;# 
   399  0212                     	;# 
   400  0213                     	;# 
   401  0213                     	;# 
   402  0214                     	;# 
   403  0214                     	;# 
   404  0215                     	;# 
   405  0215                     	;# 
   406  0215                     	;# 
   407  0216                     	;# 
   408  0216                     	;# 
   409  0217                     	;# 
   410  0217                     	;# 
   411  0291                     	;# 
   412  0291                     	;# 
   413  0292                     	;# 
   414  0293                     	;# 
   415  0298                     	;# 
   416  0298                     	;# 
   417  0299                     	;# 
   418  029A                     	;# 
   419  0394                     	;# 
   420  0395                     	;# 
   421  0396                     	;# 
   422  0FE4                     	;# 
   423  0FE5                     	;# 
   424  0FE6                     	;# 
   425  0FE7                     	;# 
   426  0FE8                     	;# 
   427  0FE9                     	;# 
   428  0FEA                     	;# 
   429  0FEB                     	;# 
   430  0FED                     	;# 
   431  0FEE                     	;# 
   432  0FEF                     	;# 
   433  0711                     	;# 
   434  0712                     	;# 
   435  0713                     	;# 
   436  0714                     	;# 
   437  0715                     	;# 
   438  0716                     	;# 
   439  0717                     	;# 
   440  0718                     	;# 
   441  0719                     	;# 
   442  071A                     	;# 
   443  071A                     	;# 
   444  071A                     	;# 
   445  071B                     	;# 
   446  071C                     	;# 
   447  071C                     	;# 
   448  071C                     	;# 
   449  071D                     	;# 
   450  0000                     	;# 
   451  0001                     	;# 
   452  0002                     	;# 
   453  0003                     	;# 
   454  0004                     	;# 
   455  0005                     	;# 
   456  0006                     	;# 
   457  0007                     	;# 
   458  0008                     	;# 
   459  0009                     	;# 
   460  000A                     	;# 
   461  000B                     	;# 
   462  000C                     	;# 
   463  000D                     	;# 
   464  000E                     	;# 
   465  0010                     	;# 
   466  0011                     	;# 
   467  0012                     	;# 
   468  0015                     	;# 
   469  0016                     	;# 
   470  0016                     	;# 
   471  0017                     	;# 
   472  0018                     	;# 
   473  0019                     	;# 
   474  001A                     	;# 
   475  001B                     	;# 
   476  001C                     	;# 
   477  008C                     	;# 
   478  008D                     	;# 
   479  008E                     	;# 
   480  0090                     	;# 
   481  0091                     	;# 
   482  0092                     	;# 
   483  0095                     	;# 
   484  0096                     	;# 
   485  0097                     	;# 
   486  0099                     	;# 
   487  009A                     	;# 
   488  009B                     	;# 
   489  009B                     	;# 
   490  009B                     	;# 
   491  009B                     	;# 
   492  009C                     	;# 
   493  009C                     	;# 
   494  009D                     	;# 
   495  009E                     	;# 
   496  010C                     	;# 
   497  010D                     	;# 
   498  010E                     	;# 
   499  0116                     	;# 
   500  0117                     	;# 
   501  011D                     	;# 
   502  018C                     	;# 
   503  018D                     	;# 
   504  018E                     	;# 
   505  0191                     	;# 
   506  0191                     	;# 
   507  0192                     	;# 
   508  0193                     	;# 
   509  0193                     	;# 
   510  0194                     	;# 
   511  0195                     	;# 
   512  0196                     	;# 
   513  0197                     	;# 
   514  0199                     	;# 
   515  019A                     	;# 
   516  019B                     	;# 
   517  019B                     	;# 
   518  019B                     	;# 
   519  019B                     	;# 
   520  019C                     	;# 
   521  019C                     	;# 
   522  019D                     	;# 
   523  019E                     	;# 
   524  019F                     	;# 
   525  020D                     	;# 
   526  0210                     	;# 
   527  0211                     	;# 
   528  0211                     	;# 
   529  0212                     	;# 
   530  0212                     	;# 
   531  0213                     	;# 
   532  0213                     	;# 
   533  0214                     	;# 
   534  0214                     	;# 
   535  0215                     	;# 
   536  0215                     	;# 
   537  0215                     	;# 
   538  0216                     	;# 
   539  0216                     	;# 
   540  0217                     	;# 
   541  0217                     	;# 
   542  0291                     	;# 
   543  0291                     	;# 
   544  0292                     	;# 
   545  0293                     	;# 
   546  0298                     	;# 
   547  0298                     	;# 
   548  0299                     	;# 
   549  029A                     	;# 
   550  0394                     	;# 
   551  0395                     	;# 
   552  0396                     	;# 
   553  0FE4                     	;# 
   554  0FE5                     	;# 
   555  0FE6                     	;# 
   556  0FE7                     	;# 
   557  0FE8                     	;# 
   558  0FE9                     	;# 
   559  0FEA                     	;# 
   560  0FEB                     	;# 
   561  0FED                     	;# 
   562  0FEE                     	;# 
   563  0FEF                     	;# 
   564  0711                     	;# 
   565  0712                     	;# 
   566  0713                     	;# 
   567  0714                     	;# 
   568  0715                     	;# 
   569  0716                     	;# 
   570  0717                     	;# 
   571  0718                     	;# 
   572  0719                     	;# 
   573  071A                     	;# 
   574  071A                     	;# 
   575  071A                     	;# 
   576  071B                     	;# 
   577  071C                     	;# 
   578  071C                     	;# 
   579  071C                     	;# 
   580  071D                     	;# 
   581  0000                     	;# 
   582  0001                     	;# 
   583  0002                     	;# 
   584  0003                     	;# 
   585  0004                     	;# 
   586  0005                     	;# 
   587  0006                     	;# 
   588  0007                     	;# 
   589  0008                     	;# 
   590  0009                     	;# 
   591  000A                     	;# 
   592  000B                     	;# 
   593  000C                     	;# 
   594  000D                     	;# 
   595  000E                     	;# 
   596  0010                     	;# 
   597  0011                     	;# 
   598  0012                     	;# 
   599  0015                     	;# 
   600  0016                     	;# 
   601  0016                     	;# 
   602  0017                     	;# 
   603  0018                     	;# 
   604  0019                     	;# 
   605  001A                     	;# 
   606  001B                     	;# 
   607  001C                     	;# 
   608  008C                     	;# 
   609  008D                     	;# 
   610  008E                     	;# 
   611  0090                     	;# 
   612  0091                     	;# 
   613  0092                     	;# 
   614  0095                     	;# 
   615  0096                     	;# 
   616  0097                     	;# 
   617  0099                     	;# 
   618  009A                     	;# 
   619  009B                     	;# 
   620  009B                     	;# 
   621  009B                     	;# 
   622  009B                     	;# 
   623  009C                     	;# 
   624  009C                     	;# 
   625  009D                     	;# 
   626  009E                     	;# 
   627  010C                     	;# 
   628  010D                     	;# 
   629  010E                     	;# 
   630  0116                     	;# 
   631  0117                     	;# 
   632  011D                     	;# 
   633  018C                     	;# 
   634  018D                     	;# 
   635  018E                     	;# 
   636  0191                     	;# 
   637  0191                     	;# 
   638  0192                     	;# 
   639  0193                     	;# 
   640  0193                     	;# 
   641  0194                     	;# 
   642  0195                     	;# 
   643  0196                     	;# 
   644  0197                     	;# 
   645  0199                     	;# 
   646  019A                     	;# 
   647  019B                     	;# 
   648  019B                     	;# 
   649  019B                     	;# 
   650  019B                     	;# 
   651  019C                     	;# 
   652  019C                     	;# 
   653  019D                     	;# 
   654  019E                     	;# 
   655  019F                     	;# 
   656  020D                     	;# 
   657  0210                     	;# 
   658  0211                     	;# 
   659  0211                     	;# 
   660  0212                     	;# 
   661  0212                     	;# 
   662  0213                     	;# 
   663  0213                     	;# 
   664  0214                     	;# 
   665  0214                     	;# 
   666  0215                     	;# 
   667  0215                     	;# 
   668  0215                     	;# 
   669  0216                     	;# 
   670  0216                     	;# 
   671  0217                     	;# 
   672  0217                     	;# 
   673  0291                     	;# 
   674  0291                     	;# 
   675  0292                     	;# 
   676  0293                     	;# 
   677  0298                     	;# 
   678  0298                     	;# 
   679  0299                     	;# 
   680  029A                     	;# 
   681  0394                     	;# 
   682  0395                     	;# 
   683  0396                     	;# 
   684  0FE4                     	;# 
   685  0FE5                     	;# 
   686  0FE6                     	;# 
   687  0FE7                     	;# 
   688  0FE8                     	;# 
   689  0FE9                     	;# 
   690  0FEA                     	;# 
   691  0FEB                     	;# 
   692  0FED                     	;# 
   693  0FEE                     	;# 
   694  0FEF                     	;# 
   695  0711                     	;# 
   696  0712                     	;# 
   697  0713                     	;# 
   698  0714                     	;# 
   699  0715                     	;# 
   700  0716                     	;# 
   701  0717                     	;# 
   702  0718                     	;# 
   703  0719                     	;# 
   704  071A                     	;# 
   705  071A                     	;# 
   706  071A                     	;# 
   707  071B                     	;# 
   708  071C                     	;# 
   709  071C                     	;# 
   710  071C                     	;# 
   711  071D                     	;# 
   712                           
   713                           	psect	idataCOMMON
   714  011D                     __pidataCOMMON:	
   715                           
   716                           ;initializer for _I2C_slaveWriteData
   717  011D  3455               	retlw	85
   718                           
   719                           	psect	idataBANK0
   720  0079                     __pidataBANK0:	
   721                           
   722                           ;initializer for I2C_StatusCallback@EEPROM_Buffer
   723  0079  3400               	retlw	0
   724  007A  3401               	retlw	1
   725  007B  3402               	retlw	2
   726  007C  3403               	retlw	3
   727  007D  3404               	retlw	4
   728  007E  3405               	retlw	5
   729  007F  3406               	retlw	6
   730  0080  3407               	retlw	7
   731  0081  3408               	retlw	8
   732  0082  3409               	retlw	9
   733  0083  340A               	retlw	10
   734  0084  340B               	retlw	11
   735  0085  340C               	retlw	12
   736  0086  340D               	retlw	13
   737  0087  340E               	retlw	14
   738  0088  340F               	retlw	15
   739  0089  3410               	retlw	16
   740  008A  3411               	retlw	17
   741  008B  3412               	retlw	18
   742  008C  3413               	retlw	19
   743  008D  3414               	retlw	20
   744  008E  3415               	retlw	21
   745  008F  3416               	retlw	22
   746  0090  3417               	retlw	23
   747  0091  3418               	retlw	24
   748  0092  3419               	retlw	25
   749  0093  341A               	retlw	26
   750  0094  341B               	retlw	27
   751  0095  341C               	retlw	28
   752  0096  341D               	retlw	29
   753  0097  341E               	retlw	30
   754  0098  341F               	retlw	31
   755  0099  3420               	retlw	32
   756  009A  3421               	retlw	33
   757  009B  3422               	retlw	34
   758  009C  3423               	retlw	35
   759  009D  3424               	retlw	36
   760  009E  3425               	retlw	37
   761  009F  3426               	retlw	38
   762  00A0  3427               	retlw	39
   763  00A1  3428               	retlw	40
   764  00A2  3429               	retlw	41
   765  00A3  342A               	retlw	42
   766  00A4  342B               	retlw	43
   767  00A5  342C               	retlw	44
   768  00A6  342D               	retlw	45
   769  00A7  342E               	retlw	46
   770  00A8  342F               	retlw	47
   771  00A9  3430               	retlw	48
   772  00AA  3431               	retlw	49
   773  00AB  3432               	retlw	50
   774  00AC  3433               	retlw	51
   775  00AD  3434               	retlw	52
   776  00AE  3435               	retlw	53
   777  00AF  3436               	retlw	54
   778  00B0  3437               	retlw	55
   779  00B1  3438               	retlw	56
   780  00B2  3439               	retlw	57
   781  00B3  343A               	retlw	58
   782  00B4  343B               	retlw	59
   783  00B5  343C               	retlw	60
   784  00B6  343D               	retlw	61
   785  00B7  343E               	retlw	62
   786  00B8  343F               	retlw	63
   787  0011                     _PIR1bits	set	17
   788  000B                     _INTCONbits	set	11
   789  0095                     _OPTION_REGbits	set	149
   790  008E                     _TRISC	set	142
   791  008D                     _TRISB	set	141
   792  008C                     _TRISA	set	140
   793  0097                     _WDTCON	set	151
   794  0099                     _OSCCON	set	153
   795  0091                     _PIE1bits	set	145
   796  011D                     _APFCON	set	285
   797  010E                     _LATC	set	270
   798  010D                     _LATB	set	269
   799  0116                     _BORCON	set	278
   800  010C                     _LATA	set	268
   801  018C                     _ANSELA	set	396
   802  018D                     _ANSELB	set	397
   803  018E                     _ANSELC	set	398
   804  020D                     _WPUB	set	525
   805  0210                     _WPUE	set	528
   806  0215                     _SSP1CON1bits	set	533
   807  0216                     _SSP1CON2bits	set	534
   808  0214                     _SSP1STATbits	set	532
   809  0211                     _SSP1BUF	set	529
   810  0212                     _SSP1ADD	set	530
   811  0213                     _SSP1MSK	set	531
   812  0217                     _SSP1CON3	set	535
   813  0216                     _SSP1CON2	set	534
   814  0215                     _SSP1CON1	set	533
   815  0214                     _SSP1STAT	set	532
   816                           
   817                           ; #config settings
   818  0000                     
   819                           	psect	cinit
   820  0012                     start_initialization:	
   821  0012                     __initialization:	
   822                           
   823                           ; Initialize objects allocated to COMMON
   824  0012  211D               	fcall	__pidataCOMMON	;fetch initializer
   825  0013  00F7               	movwf	__pdataCOMMON& (0+127)
   826                           
   827                           ; Initialize objects allocated to BANK0
   828  0014  3079               	movlw	low __pidataBANK0
   829  0015  0084               	movwf	4
   830  0016  3080               	movlw	(high __pidataBANK0)| (0+128)
   831  0017  0085               	movwf	5
   832  0018  3020               	movlw	low __pdataBANK0
   833  0019  0086               	movwf	6
   834  001A  3000               	movlw	high __pdataBANK0
   835  001B  0087               	movwf	7
   836  001C  3040               	movlw	64
   837  001D  2104               	fcall	init_ram
   838                           
   839                           ; Clear objects allocated to COMMON
   840  001E  01F5               	clrf	__pbssCOMMON& (0+127)
   841  001F  01F6               	clrf	(__pbssCOMMON+1)& (0+127)
   842  0020                     end_of_initialization:	
   843                           ;End of C runtime variable initialization code
   844                           
   845  0020                     __end_of__initialization:	
   846  0020  107E               	bcf	int$flags,0	;clear compiler interrupt flag (level 1)
   847  0021  0020               	movlb	0
   848  0022  2915               	ljmp	_main	;jump to C main() function
   849                           
   850                           	psect	bssCOMMON
   851  0075                     __pbssCOMMON:	
   852  0075                     I2C_StatusCallback@slaveWriteType:	
   853  0075                     	ds	1
   854  0076                     I2C_StatusCallback@eepromAddress:	
   855  0076                     	ds	1
   856                           
   857                           	psect	dataCOMMON
   858  0077                     __pdataCOMMON:	
   859  0077                     _I2C_slaveWriteData:	
   860  0077                     	ds	1
   861                           
   862                           	psect	dataBANK0
   863  0020                     __pdataBANK0:	
   864  0020                     I2C_StatusCallback@EEPROM_Buffer:	
   865  0020                     	ds	64
   866                           
   867                           	psect	inittext
   868  0104                     init_ram:	
   869  0104  00FE               	movwf	126
   870  0105                     initloop:	
   871  0105  0012               	moviw fsr0++
   872  0106  001E               	movwi fsr1++
   873  0107  0BFE               	decfsz	126,f
   874  0108  2905               	goto	initloop
   875  0109  3400               	retlw	0
   876                           
   877                           	psect	cstackCOMMON
   878  0070                     __pcstackCOMMON:	
   879  0070                     ?_SYSTEM_Initialize:	
   880  0070                     ?_I2C_ISR:	
   881                           ; 1 bytes @ 0x0
   882                           
   883  0070                     ?_I2C_StatusCallback:	
   884                           ; 1 bytes @ 0x0
   885                           
   886  0070                     ??_I2C_StatusCallback:	
   887                           ; 1 bytes @ 0x0
   888                           
   889  0070                     ?_PIN_MANAGER_Initialize:	
   890                           ; 1 bytes @ 0x0
   891                           
   892  0070                     ?_OSCILLATOR_Initialize:	
   893                           ; 1 bytes @ 0x0
   894                           
   895  0070                     ?_WDT_Initialize:	
   896                           ; 1 bytes @ 0x0
   897                           
   898  0070                     ?_main:	
   899                           ; 1 bytes @ 0x0
   900                           
   901  0070                     ?_INTERRUPT_InterruptManager:	
   902                           ; 1 bytes @ 0x0
   903                           
   904  0070                     ?_I2C_Initialize:	
   905                           ; 1 bytes @ 0x0
   906                           
   907                           
   908                           ; 1 bytes @ 0x0
   909  0070                     	ds	2
   910  0072                     I2C_StatusCallback@i2c_bus_state:	
   911                           
   912                           ; 1 bytes @ 0x2
   913  0072                     	ds	1
   914  0073                     ??_I2C_ISR:	
   915                           
   916                           ; 1 bytes @ 0x3
   917  0073                     	ds	1
   918  0074                     I2C_ISR@i2c_data:	
   919                           
   920                           ; 1 bytes @ 0x4
   921  0074                     	ds	1
   922  0075                     ??_SYSTEM_Initialize:	
   923  0075                     ??_PIN_MANAGER_Initialize:	
   924                           ; 1 bytes @ 0x5
   925                           
   926  0075                     ??_OSCILLATOR_Initialize:	
   927                           ; 1 bytes @ 0x5
   928                           
   929  0075                     ??_WDT_Initialize:	
   930                           ; 1 bytes @ 0x5
   931                           
   932  0075                     ??_main:	
   933                           ; 1 bytes @ 0x5
   934                           
   935  0075                     ??_INTERRUPT_InterruptManager:	
   936                           ; 1 bytes @ 0x5
   937                           
   938  0075                     ??_I2C_Initialize:	
   939                           ; 1 bytes @ 0x5
   940                           
   941                           
   942                           	psect	maintext
   943  0115                     __pmaintext:	
   944                           ; 1 bytes @ 0x5
   945 ;;
   946 ;;Main: autosize = 0, tempsize = 0, incstack = 0, save=0
   947 ;;
   948 ;; *************** function _main *****************
   949 ;; Defined at:
   950 ;;		line 49 in file "main.c"
   951 ;; Parameters:    Size  Location     Type
   952 ;;		None
   953 ;; Auto vars:     Size  Location     Type
   954 ;;		None
   955 ;; Return value:  Size  Location     Type
   956 ;;                  1    wreg      void 
   957 ;; Registers used:
   958 ;;		wreg, status,2, status,0, pclath, cstack
   959 ;; Tracked objects:
   960 ;;		On entry : B1F/0
   961 ;;		On exit  : 0/0
   962 ;;		Unchanged: 0/0
   963 ;; Data sizes:     COMMON   BANK0   BANK1
   964 ;;      Params:         0       0       0
   965 ;;      Locals:         0       0       0
   966 ;;      Temps:          0       0       0
   967 ;;      Totals:         0       0       0
   968 ;;Total ram usage:        0 bytes
   969 ;; Hardware stack levels required when called:    5
   970 ;; This function calls:
   971 ;;		_SYSTEM_Initialize
   972 ;; This function is called by:
   973 ;;		Startup code after reset
   974 ;; This function uses a non-reentrant model
   975 ;;
   976                           
   977                           
   978                           ;psect for function _main
   979  0115                     _main:	
   980                           
   981                           ;main.c: 52:     SYSTEM_Initialize();
   982                           
   983                           ;incstack = 0
   984                           ; Regs used in _main: [wreg+status,2+status,0+pclath+cstack]
   985  0115  2110               	fcall	_SYSTEM_Initialize
   986                           
   987                           ;main.c: 58:     (INTCONbits.GIE = 1);
   988  0116  178B               	bsf	11,7	;volatile
   989                           
   990                           ;main.c: 61:     (INTCONbits.PEIE = 1);
   991  0117  170B               	bsf	11,6	;volatile
   992  0118                     l9:	
   993                           ;main.c: 69:     while (1)
   994                           
   995                           
   996                           ;main.c: 70:     {;main.c: 72:     }
   997  0118  2918               	goto	l9
   998  0119                     __end_of_main:	
   999                           
  1000                           	psect	text1
  1001  0110                     __ptext1:	
  1002 ;; *************** function _SYSTEM_Initialize *****************
  1003 ;; Defined at:
  1004 ;;		line 50 in file "mcc_generated_files/mcc.c"
  1005 ;; Parameters:    Size  Location     Type
  1006 ;;		None
  1007 ;; Auto vars:     Size  Location     Type
  1008 ;;		None
  1009 ;; Return value:  Size  Location     Type
  1010 ;;                  1    wreg      void 
  1011 ;; Registers used:
  1012 ;;		wreg, status,2, status,0, pclath, cstack
  1013 ;; Tracked objects:
  1014 ;;		On entry : 0/0
  1015 ;;		On exit  : 0/0
  1016 ;;		Unchanged: 0/0
  1017 ;; Data sizes:     COMMON   BANK0   BANK1
  1018 ;;      Params:         0       0       0
  1019 ;;      Locals:         0       0       0
  1020 ;;      Temps:          0       0       0
  1021 ;;      Totals:         0       0       0
  1022 ;;Total ram usage:        0 bytes
  1023 ;; Hardware stack levels used:    1
  1024 ;; Hardware stack levels required when called:    4
  1025 ;; This function calls:
  1026 ;;		_I2C_Initialize
  1027 ;;		_OSCILLATOR_Initialize
  1028 ;;		_PIN_MANAGER_Initialize
  1029 ;;		_WDT_Initialize
  1030 ;; This function is called by:
  1031 ;;		_main
  1032 ;; This function uses a non-reentrant model
  1033 ;;
  1034                           
  1035                           
  1036                           ;psect for function _SYSTEM_Initialize
  1037  0110                     _SYSTEM_Initialize:	
  1038                           
  1039                           ;mcc_generated_files/mcc.c: 53:     PIN_MANAGER_Initialize();
  1040                           
  1041                           ;incstack = 0
  1042                           ; Regs used in _SYSTEM_Initialize: [wreg+status,2+status,0+pclath+cstack]
  1043  0110  20D9               	fcall	_PIN_MANAGER_Initialize
  1044                           
  1045                           ;mcc_generated_files/mcc.c: 54:     OSCILLATOR_Initialize();
  1046  0111  210A               	fcall	_OSCILLATOR_Initialize
  1047                           
  1048                           ;mcc_generated_files/mcc.c: 55:     WDT_Initialize();
  1049  0112  2119               	fcall	_WDT_Initialize
  1050                           
  1051                           ;mcc_generated_files/mcc.c: 56:     I2C_Initialize();
  1052  0113  20F3               	fcall	_I2C_Initialize
  1053  0114  0008               	return
  1054  0115                     __end_of_SYSTEM_Initialize:	
  1055                           
  1056                           	psect	text2
  1057  0119                     __ptext2:	
  1058 ;; *************** function _WDT_Initialize *****************
  1059 ;; Defined at:
  1060 ;;		line 67 in file "mcc_generated_files/mcc.c"
  1061 ;; Parameters:    Size  Location     Type
  1062 ;;		None
  1063 ;; Auto vars:     Size  Location     Type
  1064 ;;		None
  1065 ;; Return value:  Size  Location     Type
  1066 ;;                  1    wreg      void 
  1067 ;; Registers used:
  1068 ;;		wreg
  1069 ;; Tracked objects:
  1070 ;;		On entry : 0/0
  1071 ;;		On exit  : 0/0
  1072 ;;		Unchanged: 0/0
  1073 ;; Data sizes:     COMMON   BANK0   BANK1
  1074 ;;      Params:         0       0       0
  1075 ;;      Locals:         0       0       0
  1076 ;;      Temps:          0       0       0
  1077 ;;      Totals:         0       0       0
  1078 ;;Total ram usage:        0 bytes
  1079 ;; Hardware stack levels used:    1
  1080 ;; Hardware stack levels required when called:    3
  1081 ;; This function calls:
  1082 ;;		Nothing
  1083 ;; This function is called by:
  1084 ;;		_SYSTEM_Initialize
  1085 ;; This function uses a non-reentrant model
  1086 ;;
  1087                           
  1088                           
  1089                           ;psect for function _WDT_Initialize
  1090  0119                     _WDT_Initialize:	
  1091                           
  1092                           ;mcc_generated_files/mcc.c: 70:     WDTCON = 0x16;
  1093                           
  1094                           ;incstack = 0
  1095                           ; Regs used in _WDT_Initialize: [wreg]
  1096  0119  3016               	movlw	22
  1097  011A  0021               	movlb	1	; select bank1
  1098  011B  0097               	movwf	23	;volatile
  1099  011C  0008               	return
  1100  011D                     __end_of_WDT_Initialize:	
  1101                           
  1102                           	psect	text3
  1103  00D9                     __ptext3:	
  1104 ;; *************** function _PIN_MANAGER_Initialize *****************
  1105 ;; Defined at:
  1106 ;;		line 55 in file "mcc_generated_files/pin_manager.c"
  1107 ;; Parameters:    Size  Location     Type
  1108 ;;		None
  1109 ;; Auto vars:     Size  Location     Type
  1110 ;;		None
  1111 ;; Return value:  Size  Location     Type
  1112 ;;                  1    wreg      void 
  1113 ;; Registers used:
  1114 ;;		wreg, status,2
  1115 ;; Tracked objects:
  1116 ;;		On entry : 0/0
  1117 ;;		On exit  : 0/0
  1118 ;;		Unchanged: 0/0
  1119 ;; Data sizes:     COMMON   BANK0   BANK1
  1120 ;;      Params:         0       0       0
  1121 ;;      Locals:         0       0       0
  1122 ;;      Temps:          0       0       0
  1123 ;;      Totals:         0       0       0
  1124 ;;Total ram usage:        0 bytes
  1125 ;; Hardware stack levels used:    1
  1126 ;; Hardware stack levels required when called:    3
  1127 ;; This function calls:
  1128 ;;		Nothing
  1129 ;; This function is called by:
  1130 ;;		_SYSTEM_Initialize
  1131 ;; This function uses a non-reentrant model
  1132 ;;
  1133                           
  1134                           
  1135                           ;psect for function _PIN_MANAGER_Initialize
  1136  00D9                     _PIN_MANAGER_Initialize:	
  1137                           
  1138                           ;mcc_generated_files/pin_manager.c: 60:     LATA = 0x00;
  1139                           
  1140                           ;incstack = 0
  1141                           ; Regs used in _PIN_MANAGER_Initialize: [wreg+status,2]
  1142  00D9  0022               	movlb	2	; select bank2
  1143  00DA  018C               	clrf	12	;volatile
  1144                           
  1145                           ;mcc_generated_files/pin_manager.c: 61:     LATB = 0x00;
  1146  00DB  018D               	clrf	13	;volatile
  1147                           
  1148                           ;mcc_generated_files/pin_manager.c: 62:     LATC = 0x00;
  1149  00DC  018E               	clrf	14	;volatile
  1150                           
  1151                           ;mcc_generated_files/pin_manager.c: 67:     TRISA = 0xC0;
  1152  00DD  30C0               	movlw	192
  1153  00DE  0021               	movlb	1	; select bank1
  1154  00DF  008C               	movwf	12	;volatile
  1155                           
  1156                           ;mcc_generated_files/pin_manager.c: 68:     TRISB = 0xFF;
  1157  00E0  30FF               	movlw	255
  1158  00E1  008D               	movwf	13	;volatile
  1159                           
  1160                           ;mcc_generated_files/pin_manager.c: 69:     TRISC = 0xFF;
  1161  00E2  30FF               	movlw	255
  1162  00E3  008E               	movwf	14	;volatile
  1163                           
  1164                           ;mcc_generated_files/pin_manager.c: 74:     ANSELC = 0xE4;
  1165  00E4  30E4               	movlw	228
  1166  00E5  0023               	movlb	3	; select bank3
  1167  00E6  008E               	movwf	14	;volatile
  1168                           
  1169                           ;mcc_generated_files/pin_manager.c: 75:     ANSELB = 0x3F;
  1170  00E7  303F               	movlw	63
  1171  00E8  008D               	movwf	13	;volatile
  1172                           
  1173                           ;mcc_generated_files/pin_manager.c: 76:     ANSELA = 0x2F;
  1174  00E9  302F               	movlw	47
  1175  00EA  008C               	movwf	12	;volatile
  1176                           
  1177                           ;mcc_generated_files/pin_manager.c: 81:     WPUE = 0x00;
  1178  00EB  0024               	movlb	4	; select bank4
  1179  00EC  0190               	clrf	16	;volatile
  1180                           
  1181                           ;mcc_generated_files/pin_manager.c: 82:     WPUB = 0x00;
  1182  00ED  018D               	clrf	13	;volatile
  1183                           
  1184                           ;mcc_generated_files/pin_manager.c: 83:     OPTION_REGbits.nWPUEN = 1;
  1185  00EE  0021               	movlb	1	; select bank1
  1186  00EF  1795               	bsf	21,7	;volatile
  1187                           
  1188                           ;mcc_generated_files/pin_manager.c: 89:     APFCON = 0x00;
  1189  00F0  0022               	movlb	2	; select bank2
  1190  00F1  019D               	clrf	29	;volatile
  1191  00F2  0008               	return
  1192  00F3                     __end_of_PIN_MANAGER_Initialize:	
  1193                           
  1194                           	psect	text4
  1195  010A                     __ptext4:	
  1196 ;; *************** function _OSCILLATOR_Initialize *****************
  1197 ;; Defined at:
  1198 ;;		line 59 in file "mcc_generated_files/mcc.c"
  1199 ;; Parameters:    Size  Location     Type
  1200 ;;		None
  1201 ;; Auto vars:     Size  Location     Type
  1202 ;;		None
  1203 ;; Return value:  Size  Location     Type
  1204 ;;                  1    wreg      void 
  1205 ;; Registers used:
  1206 ;;		wreg, status,2
  1207 ;; Tracked objects:
  1208 ;;		On entry : 0/0
  1209 ;;		On exit  : 0/0
  1210 ;;		Unchanged: 0/0
  1211 ;; Data sizes:     COMMON   BANK0   BANK1
  1212 ;;      Params:         0       0       0
  1213 ;;      Locals:         0       0       0
  1214 ;;      Temps:          0       0       0
  1215 ;;      Totals:         0       0       0
  1216 ;;Total ram usage:        0 bytes
  1217 ;; Hardware stack levels used:    1
  1218 ;; Hardware stack levels required when called:    3
  1219 ;; This function calls:
  1220 ;;		Nothing
  1221 ;; This function is called by:
  1222 ;;		_SYSTEM_Initialize
  1223 ;; This function uses a non-reentrant model
  1224 ;;
  1225                           
  1226                           
  1227                           ;psect for function _OSCILLATOR_Initialize
  1228  010A                     _OSCILLATOR_Initialize:	
  1229                           
  1230                           ;mcc_generated_files/mcc.c: 62:     OSCCON = 0x68;
  1231                           
  1232                           ;incstack = 0
  1233                           ; Regs used in _OSCILLATOR_Initialize: [wreg+status,2]
  1234  010A  3068               	movlw	104
  1235  010B  0021               	movlb	1	; select bank1
  1236  010C  0099               	movwf	25	;volatile
  1237                           
  1238                           ;mcc_generated_files/mcc.c: 64:     BORCON = 0x00;
  1239  010D  0022               	movlb	2	; select bank2
  1240  010E  0196               	clrf	22	;volatile
  1241  010F  0008               	return
  1242  0110                     __end_of_OSCILLATOR_Initialize:	
  1243                           
  1244                           	psect	text5
  1245  00F3                     __ptext5:	
  1246 ;; *************** function _I2C_Initialize *****************
  1247 ;; Defined at:
  1248 ;;		line 81 in file "mcc_generated_files/i2c.c"
  1249 ;; Parameters:    Size  Location     Type
  1250 ;;		None
  1251 ;; Auto vars:     Size  Location     Type
  1252 ;;		None
  1253 ;; Return value:  Size  Location     Type
  1254 ;;                  1    wreg      void 
  1255 ;; Registers used:
  1256 ;;		wreg, status,2
  1257 ;; Tracked objects:
  1258 ;;		On entry : 0/0
  1259 ;;		On exit  : 0/0
  1260 ;;		Unchanged: 0/0
  1261 ;; Data sizes:     COMMON   BANK0   BANK1
  1262 ;;      Params:         0       0       0
  1263 ;;      Locals:         0       0       0
  1264 ;;      Temps:          0       0       0
  1265 ;;      Totals:         0       0       0
  1266 ;;Total ram usage:        0 bytes
  1267 ;; Hardware stack levels used:    1
  1268 ;; Hardware stack levels required when called:    3
  1269 ;; This function calls:
  1270 ;;		Nothing
  1271 ;; This function is called by:
  1272 ;;		_SYSTEM_Initialize
  1273 ;; This function uses a non-reentrant model
  1274 ;;
  1275                           
  1276                           
  1277                           ;psect for function _I2C_Initialize
  1278  00F3                     _I2C_Initialize:	
  1279                           
  1280                           ;mcc_generated_files/i2c.c: 85:     SSP1STAT = 0x80;
  1281                           
  1282                           ;incstack = 0
  1283                           ; Regs used in _I2C_Initialize: [wreg+status,2]
  1284  00F3  3080               	movlw	128
  1285  00F4  0024               	movlb	4	; select bank4
  1286  00F5  0094               	movwf	20	;volatile
  1287                           
  1288                           ;mcc_generated_files/i2c.c: 87:     SSP1CON1 = 0x26;
  1289  00F6  3026               	movlw	38
  1290  00F7  0095               	movwf	21	;volatile
  1291                           
  1292                           ;mcc_generated_files/i2c.c: 89:     SSP1CON2 = 0x01;
  1293  00F8  3001               	movlw	1
  1294  00F9  0096               	movwf	22	;volatile
  1295                           
  1296                           ;mcc_generated_files/i2c.c: 91:     SSP1CON3 = 0x00;
  1297  00FA  0197               	clrf	23	;volatile
  1298                           
  1299                           ;mcc_generated_files/i2c.c: 93:     SSP1MSK = 0x7F;
  1300  00FB  307F               	movlw	127
  1301  00FC  0093               	movwf	19	;volatile
  1302                           
  1303                           ;mcc_generated_files/i2c.c: 95:     SSP1ADD = 0x08;
  1304  00FD  3008               	movlw	8
  1305  00FE  0092               	movwf	18	;volatile
  1306                           
  1307                           ;mcc_generated_files/i2c.c: 98:     PIR1bits.SSPIF = 0;
  1308  00FF  0020               	movlb	0	; select bank0
  1309  0100  1191               	bcf	17,3	;volatile
  1310                           
  1311                           ;mcc_generated_files/i2c.c: 100:     PIE1bits.SSPIE = 1;
  1312  0101  0021               	movlb	1	; select bank1
  1313  0102  1591               	bsf	17,3	;volatile
  1314  0103  0008               	return
  1315  0104                     __end_of_I2C_Initialize:	
  1316                           
  1317                           	psect	intentry
  1318  0004                     __pintentry:	
  1319 ;; *************** function _INTERRUPT_InterruptManager *****************
  1320 ;; Defined at:
  1321 ;;		line 52 in file "mcc_generated_files/interrupt_manager.c"
  1322 ;; Parameters:    Size  Location     Type
  1323 ;;		None
  1324 ;; Auto vars:     Size  Location     Type
  1325 ;;		None
  1326 ;; Return value:  Size  Location     Type
  1327 ;;                  1    wreg      void 
  1328 ;; Registers used:
  1329 ;;		wreg, fsr0l, fsr0h, fsr1l, fsr1h, status,2, status,0, pclath, cstack
  1330 ;; Tracked objects:
  1331 ;;		On entry : 0/0
  1332 ;;		On exit  : 0/0
  1333 ;;		Unchanged: 0/0
  1334 ;; Data sizes:     COMMON   BANK0   BANK1
  1335 ;;      Params:         0       0       0
  1336 ;;      Locals:         0       0       0
  1337 ;;      Temps:          0       0       0
  1338 ;;      Totals:         0       0       0
  1339 ;;Total ram usage:        0 bytes
  1340 ;; Hardware stack levels used:    1
  1341 ;; Hardware stack levels required when called:    2
  1342 ;; This function calls:
  1343 ;;		_I2C_ISR
  1344 ;; This function is called by:
  1345 ;;		Interrupt level 1
  1346 ;; This function uses a non-reentrant model
  1347 ;;
  1348                           
  1349  0004                     _INTERRUPT_InterruptManager:	
  1350                           
  1351                           ;incstack = 0
  1352  0004  147E               	bsf	126,0	;set compiler interrupt flag (level 1)
  1353                           
  1354                           ; Regs used in _INTERRUPT_InterruptManager: [wreg-fsr1h+status,2+status,0+pclath+cstack]
  1355  0005  3180               	pagesel	$
  1356                           
  1357                           ;mcc_generated_files/interrupt_manager.c: 55:     if(INTCONbits.PEIE == 1)
  1358  0006  1F0B               	btfss	11,6	;volatile
  1359  0007  280F               	goto	i1l29
  1360                           
  1361                           ;mcc_generated_files/interrupt_manager.c: 56:     {;mcc_generated_files/interrupt_manage
      +                          r.c: 57:         if(PIE1bits.SSPIE == 1 && PIR1bits.SSPIF == 1)
  1362  0008  0021               	movlb	1	; select bank1
  1363  0009  1D91               	btfss	17,3	;volatile
  1364  000A  280F               	goto	i1l29
  1365  000B  0020               	movlb	0	; select bank0
  1366  000C  1D91               	btfss	17,3	;volatile
  1367  000D  280F               	goto	i1l29
  1368                           
  1369                           ;mcc_generated_files/interrupt_manager.c: 58:         {;mcc_generated_files/interrupt_ma
      +                          nager.c: 59:             I2C_ISR();
  1370  000E  20B9               	fcall	_I2C_ISR
  1371  000F                     i1l29:	
  1372                           ;mcc_generated_files/interrupt_manager.c: 60:         }
  1373                           
  1374  000F  107E               	bcf	126,0	;clear compiler interrupt flag (level 1)
  1375  0010  0009               	retfie
  1376  0011                     __end_of_INTERRUPT_InterruptManager:	
  1377                           
  1378                           	psect	text7
  1379  00B9                     __ptext7:	
  1380 ;; *************** function _I2C_ISR *****************
  1381 ;; Defined at:
  1382 ;;		line 104 in file "mcc_generated_files/i2c.c"
  1383 ;; Parameters:    Size  Location     Type
  1384 ;;		None
  1385 ;; Auto vars:     Size  Location     Type
  1386 ;;  i2c_data        1    4[COMMON] unsigned char 
  1387 ;; Return value:  Size  Location     Type
  1388 ;;                  1    wreg      void 
  1389 ;; Registers used:
  1390 ;;		wreg, fsr0l, fsr0h, fsr1l, fsr1h, status,2, status,0, pclath, cstack
  1391 ;; Tracked objects:
  1392 ;;		On entry : 0/0
  1393 ;;		On exit  : 0/0
  1394 ;;		Unchanged: 0/0
  1395 ;; Data sizes:     COMMON   BANK0   BANK1
  1396 ;;      Params:         0       0       0
  1397 ;;      Locals:         1       0       0
  1398 ;;      Temps:          1       0       0
  1399 ;;      Totals:         2       0       0
  1400 ;;Total ram usage:        2 bytes
  1401 ;; Hardware stack levels used:    1
  1402 ;; Hardware stack levels required when called:    1
  1403 ;; This function calls:
  1404 ;;		_I2C_StatusCallback
  1405 ;; This function is called by:
  1406 ;;		_INTERRUPT_InterruptManager
  1407 ;; This function uses a non-reentrant model
  1408 ;;
  1409                           
  1410                           
  1411                           ;psect for function _I2C_ISR
  1412  00B9                     _I2C_ISR:	
  1413                           
  1414                           ;mcc_generated_files/i2c.c: 112:     PIR1bits.SSPIF = 0;
  1415                           
  1416                           ;incstack = 0
  1417                           ; Regs used in _I2C_ISR: [wreg-fsr1h+status,2+status,0+pclath+cstack]
  1418  00B9  0020               	movlb	0	; select bank0
  1419  00BA  1191               	bcf	17,3	;volatile
  1420                           
  1421                           ;mcc_generated_files/i2c.c: 113:     i2c_data = SSP1BUF;
  1422  00BB  0024               	movlb	4	; select bank4
  1423  00BC  0811               	movf	17,w	;volatile
  1424  00BD  00F3               	movwf	??_I2C_ISR
  1425  00BE  0873               	movf	??_I2C_ISR,w
  1426  00BF  00F4               	movwf	I2C_ISR@i2c_data
  1427                           
  1428                           ;mcc_generated_files/i2c.c: 114:     if(1 == SSP1STATbits.R_nW)
  1429  00C0  1D14               	btfss	20,2	;volatile
  1430  00C1  28CC               	goto	i1l65
  1431                           
  1432                           ;mcc_generated_files/i2c.c: 115:     {;mcc_generated_files/i2c.c: 116:         if((1 == 
      +                          SSP1STATbits.D_nA) && (1 == SSP1CON2bits.ACKSTAT))
  1433  00C2  1A94               	btfsc	20,5	;volatile
  1434  00C3  1F16               	btfss	22,6	;volatile
  1435  00C4  28CA               	goto	i1l761
  1436                           
  1437                           ;mcc_generated_files/i2c.c: 117:         {;mcc_generated_files/i2c.c: 118:             L
      +                          ATA = i2c_data;
  1438  00C5  0874               	movf	I2C_ISR@i2c_data,w
  1439  00C6  0022               	movlb	2	; select bank2
  1440  00C7  008C               	movwf	12	;volatile
  1441                           
  1442                           ;mcc_generated_files/i2c.c: 120:             I2C_StatusCallback(I2C_SLAVE_READ_COMPLETED
      +                          );
  1443  00C8  3003               	movlw	3
  1444  00C9  28D5               	goto	L1
  1445  00CA                     i1l761:	
  1446                           ;mcc_generated_files/i2c.c: 121:         }
  1447                           
  1448                           
  1449                           ;mcc_generated_files/i2c.c: 123:         {;mcc_generated_files/i2c.c: 125:             I
      +                          2C_StatusCallback(I2C_SLAVE_READ_REQUEST);
  1450  00CA  3001               	movlw	1
  1451  00CB  28D5               	goto	L1
  1452  00CC                     i1l65:	
  1453                           ;mcc_generated_files/i2c.c: 128:     else if(0 == SSP1STATbits.D_nA)
  1454                           
  1455  00CC  1A94               	btfsc	20,5	;volatile
  1456  00CD  28D0               	goto	i1l765
  1457                           
  1458                           ;mcc_generated_files/i2c.c: 129:     {;mcc_generated_files/i2c.c: 133:         I2C_Statu
      +                          sCallback(I2C_SLAVE_WRITE_REQUEST);
  1459  00CE  3000               	movlw	0
  1460  00CF  28D5               	goto	L1
  1461  00D0                     i1l765:	
  1462                           ;mcc_generated_files/i2c.c: 134:     }
  1463                           
  1464                           
  1465                           ;mcc_generated_files/i2c.c: 136:     {;mcc_generated_files/i2c.c: 137:         I2C_slave
      +                          WriteData = i2c_data;
  1466  00D0  0874               	movf	I2C_ISR@i2c_data,w
  1467  00D1  00F3               	movwf	??_I2C_ISR
  1468  00D2  0873               	movf	??_I2C_ISR,w
  1469  00D3  00F7               	movwf	_I2C_slaveWriteData	;volatile
  1470                           
  1471                           ;mcc_generated_files/i2c.c: 140:         I2C_StatusCallback(I2C_SLAVE_WRITE_COMPLETED);
  1472  00D4  3002               	movlw	2
  1473  00D5                     L1:	
  1474  00D5  2023               	fcall	_I2C_StatusCallback
  1475                           
  1476                           ;mcc_generated_files/i2c.c: 143:     SSP1CON1bits.CKP = 1;
  1477  00D6  0024               	movlb	4	; select bank4
  1478  00D7  1615               	bsf	21,4	;volatile
  1479  00D8  0008               	return
  1480  00D9                     __end_of_I2C_ISR:	
  1481                           
  1482                           	psect	text8
  1483  0023                     __ptext8:	
  1484 ;; *************** function _I2C_StatusCallback *****************
  1485 ;; Defined at:
  1486 ;;		line 169 in file "mcc_generated_files/i2c.c"
  1487 ;; Parameters:    Size  Location     Type
  1488 ;;  i2c_bus_stat    1    wreg     enum E1870
  1489 ;; Auto vars:     Size  Location     Type
  1490 ;;  i2c_bus_stat    1    2[COMMON] enum E1870
  1491 ;; Return value:  Size  Location     Type
  1492 ;;                  1    wreg      void 
  1493 ;; Registers used:
  1494 ;;		wreg, fsr0l, fsr0h, fsr1l, fsr1h, status,2, status,0
  1495 ;; Tracked objects:
  1496 ;;		On entry : 0/0
  1497 ;;		On exit  : 0/0
  1498 ;;		Unchanged: 0/0
  1499 ;; Data sizes:     COMMON   BANK0   BANK1
  1500 ;;      Params:         0       0       0
  1501 ;;      Locals:         1       0       0
  1502 ;;      Temps:          2       0       0
  1503 ;;      Totals:         3       0       0
  1504 ;;Total ram usage:        3 bytes
  1505 ;; Hardware stack levels used:    1
  1506 ;; This function calls:
  1507 ;;		Nothing
  1508 ;; This function is called by:
  1509 ;;		_I2C_ISR
  1510 ;; This function uses a non-reentrant model
  1511 ;;
  1512                           
  1513                           
  1514                           ;psect for function _I2C_StatusCallback
  1515  0023                     _I2C_StatusCallback:	
  1516                           
  1517                           ;incstack = 0
  1518                           ; Regs used in _I2C_StatusCallback: [wreg-fsr1h+status,2+status,0]
  1519                           ;I2C_StatusCallback@i2c_bus_state stored from wreg
  1520  0023  00F2               	movwf	I2C_StatusCallback@i2c_bus_state
  1521                           
  1522                           ;mcc_generated_files/i2c.c: 169: void I2C_StatusCallback(I2C_SLAVE_DRIVER_STATUS i2c_bus
      +                          _state);mcc_generated_files/i2c.c: 170: {;mcc_generated_files/i2c.c: 171:     static uin
      +                          t8_t EEPROM_Buffer[] =;mcc_generated_files/i2c.c: 179:     static uint8_t eepromAddress 
      +                          = 0;;mcc_generated_files/i2c.c: 180:     static uint8_t slaveWriteType = SLAVE_NORMAL_DA
      +                          TA;;mcc_generated_files/i2c.c: 183:     switch (i2c_bus_state)
  1523  0024  2862               	goto	i1l713
  1524  0025                     i1l81:	
  1525                           ;mcc_generated_files/i2c.c: 184:     {;mcc_generated_files/i2c.c: 185:         case I2C_
      +                          SLAVE_WRITE_REQUEST:
  1526                           
  1527                           
  1528                           ;mcc_generated_files/i2c.c: 187:             slaveWriteType = SLAVE_DATA_ADDRESS;
  1529  0025  01F5               	clrf	I2C_StatusCallback@slaveWriteType
  1530  0026  0AF5               	incf	I2C_StatusCallback@slaveWriteType,f
  1531                           
  1532                           ;mcc_generated_files/i2c.c: 188:             break;
  1533  0027  0008               	return
  1534  0028                     i1l689:	
  1535                           
  1536                           ;mcc_generated_files/i2c.c: 196:                     eepromAddress = I2C_slaveWriteData;
  1537  0028  0877               	movf	_I2C_slaveWriteData,w	;volatile
  1538  0029  00F0               	movwf	??_I2C_StatusCallback
  1539  002A  0870               	movf	??_I2C_StatusCallback,w
  1540  002B  00F6               	movwf	I2C_StatusCallback@eepromAddress
  1541                           
  1542                           ;mcc_generated_files/i2c.c: 197:                     break;
  1543  002C  284F               	goto	i1l703
  1544  002D                     i1l691:	
  1545                           
  1546                           ;mcc_generated_files/i2c.c: 203:                     EEPROM_Buffer[eepromAddress++] = I2
      +                          C_slaveWriteData;
  1547  002D  0877               	movf	_I2C_slaveWriteData,w	;volatile
  1548  002E  00F0               	movwf	??_I2C_StatusCallback
  1549  002F  0876               	movf	I2C_StatusCallback@eepromAddress,w
  1550  0030  3E20               	addlw	(low (I2C_StatusCallback@EEPROM_Buffer| 0))& (0+255)
  1551  0031  0086               	movwf	6
  1552  0032  0187               	clrf	7
  1553  0033  0870               	movf	??_I2C_StatusCallback,w
  1554  0034  0081               	movwf	1
  1555  0035  3001               	movlw	1
  1556  0036  00F0               	movwf	??_I2C_StatusCallback
  1557  0037  0870               	movf	??_I2C_StatusCallback,w
  1558  0038  07F6               	addwf	I2C_StatusCallback@eepromAddress,f
  1559                           
  1560                           ;mcc_generated_files/i2c.c: 204:                     if(sizeof(EEPROM_Buffer) <= eepromA
      +                          ddress)
  1561  0039  3040               	movlw	64
  1562  003A  0276               	subwf	I2C_StatusCallback@eepromAddress,w
  1563  003B  1C03               	skipc
  1564  003C  284F               	goto	i1l703
  1565                           
  1566                           ;mcc_generated_files/i2c.c: 205:                     {;mcc_generated_files/i2c.c: 206:  
      +                                                 eepromAddress = 0;
  1567  003D  01F6               	clrf	I2C_StatusCallback@eepromAddress
  1568  003E  284F               	goto	i1l703
  1569  003F                     i1l701:	
  1570  003F  0875               	movf	I2C_StatusCallback@slaveWriteType,w
  1571  0040  00F0               	movwf	??_I2C_StatusCallback
  1572  0041  01F1               	clrf	??_I2C_StatusCallback+1
  1573                           
  1574                           ; Switch on 2 bytes has been partitioned into a top level switch of size 1, and 1 sub-sw
      +                          itches
  1575                           ; Switch size 1, requested type "simple"
  1576                           ; Number of cases is 1, Range of values is 0 to 0
  1577                           ; switch strategies available:
  1578                           ; Name         Instructions Cycles
  1579                           ; simple_byte            4     3 (average)
  1580                           ; direct_byte            8     6 (fixed)
  1581                           ; jumptable            260     6 (fixed)
  1582                           ;	Chosen strategy is simple_byte
  1583  0042  0871               	movf	??_I2C_StatusCallback+1,w
  1584  0043  3A00               	xorlw	0	; case 0
  1585  0044  1903               	skipnz
  1586  0045  2847               	goto	i1l825
  1587  0046  282D               	goto	i1l691
  1588  0047                     i1l825:	
  1589                           
  1590                           ; Switch size 1, requested type "simple"
  1591                           ; Number of cases is 2, Range of values is 0 to 1
  1592                           ; switch strategies available:
  1593                           ; Name         Instructions Cycles
  1594                           ; simple_byte            7     4 (average)
  1595                           ; direct_byte           10     6 (fixed)
  1596                           ; jumptable            260     6 (fixed)
  1597                           ;	Chosen strategy is simple_byte
  1598  0047  0870               	movf	??_I2C_StatusCallback,w
  1599  0048  3A00               	xorlw	0	; case 0
  1600  0049  1903               	skipnz
  1601  004A  282D               	goto	i1l691
  1602  004B  3A01               	xorlw	1	; case 1
  1603  004C  1903               	skipnz
  1604  004D  2828               	goto	i1l689
  1605  004E  282D               	goto	i1l691
  1606  004F                     i1l703:	
  1607                           
  1608                           ;mcc_generated_files/i2c.c: 212:             slaveWriteType = SLAVE_NORMAL_DATA;
  1609  004F  01F5               	clrf	I2C_StatusCallback@slaveWriteType
  1610                           
  1611                           ;mcc_generated_files/i2c.c: 213:             break;
  1612  0050  0008               	return
  1613  0051                     i1l705:	
  1614                           
  1615                           ;mcc_generated_files/i2c.c: 216:             SSP1BUF = EEPROM_Buffer[eepromAddress++];
  1616  0051  0876               	movf	I2C_StatusCallback@eepromAddress,w
  1617  0052  3E20               	addlw	(low (I2C_StatusCallback@EEPROM_Buffer| 0))& (0+255)
  1618  0053  0086               	movwf	6
  1619  0054  0187               	clrf	7
  1620  0055  0801               	movf	1,w
  1621  0056  0024               	movlb	4	; select bank4
  1622  0057  0091               	movwf	17	;volatile
  1623  0058  3001               	movlw	1
  1624  0059  00F0               	movwf	??_I2C_StatusCallback
  1625  005A  0870               	movf	??_I2C_StatusCallback,w
  1626  005B  07F6               	addwf	I2C_StatusCallback@eepromAddress,f
  1627                           
  1628                           ;mcc_generated_files/i2c.c: 217:             if(sizeof(EEPROM_Buffer) <= eepromAddress)
  1629  005C  3040               	movlw	64
  1630  005D  0276               	subwf	I2C_StatusCallback@eepromAddress,w
  1631  005E  1C03               	skipc
  1632  005F  0008               	return
  1633                           
  1634                           ;mcc_generated_files/i2c.c: 218:             {;mcc_generated_files/i2c.c: 219:          
      +                                 eepromAddress = 0;
  1635  0060  01F6               	clrf	I2C_StatusCallback@eepromAddress
  1636  0061  0008               	return
  1637  0062                     i1l713:	
  1638  0062  0872               	movf	I2C_StatusCallback@i2c_bus_state,w
  1639  0063  00F0               	movwf	??_I2C_StatusCallback
  1640  0064  01F1               	clrf	??_I2C_StatusCallback+1
  1641                           
  1642                           ; Switch on 2 bytes has been partitioned into a top level switch of size 1, and 1 sub-sw
      +                          itches
  1643                           ; Switch size 1, requested type "simple"
  1644                           ; Number of cases is 1, Range of values is 0 to 0
  1645                           ; switch strategies available:
  1646                           ; Name         Instructions Cycles
  1647                           ; simple_byte            4     3 (average)
  1648                           ; direct_byte            8     6 (fixed)
  1649                           ; jumptable            260     6 (fixed)
  1650                           ;	Chosen strategy is simple_byte
  1651  0065  0871               	movf	??_I2C_StatusCallback+1,w
  1652  0066  3A00               	xorlw	0	; case 0
  1653  0067  1903               	skipnz
  1654  0068  286A               	goto	i1l827
  1655  0069  2878               	goto	i1l94
  1656  006A                     i1l827:	
  1657                           
  1658                           ; Switch size 1, requested type "simple"
  1659                           ; Number of cases is 4, Range of values is 0 to 3
  1660                           ; switch strategies available:
  1661                           ; Name         Instructions Cycles
  1662                           ; simple_byte           13     7 (average)
  1663                           ; direct_byte           14     6 (fixed)
  1664                           ; jumptable            260     6 (fixed)
  1665                           ;	Chosen strategy is simple_byte
  1666  006A  0870               	movf	??_I2C_StatusCallback,w
  1667  006B  3A00               	xorlw	0	; case 0
  1668  006C  1903               	skipnz
  1669  006D  2825               	goto	i1l81
  1670  006E  3A01               	xorlw	1	; case 1
  1671  006F  1903               	skipnz
  1672  0070  2851               	goto	i1l705
  1673  0071  3A03               	xorlw	3	; case 2
  1674  0072  1903               	skipnz
  1675  0073  283F               	goto	i1l701
  1676  0074  3A01               	xorlw	1	; case 3
  1677  0075  1903               	skipnz
  1678  0076  2878               	goto	i1l94
  1679  0077  2878               	goto	i1l94
  1680  0078                     i1l94:	
  1681  0078  0008               	return
  1682  0079                     __end_of_I2C_StatusCallback:	
  1683  007E                     btemp	set	126	;btemp
  1684  007E                     int$flags	set	126
  1685  007E                     wtemp0	set	126


Data Sizes:
    Strings     0
    Constant    0
    Data        65
    BSS         2
    Persistent  32
    Stack       0

Auto Spaces:
    Space          Size  Autos    Used
    COMMON           14      5       8
    BANK0            80      0      64
    BANK1            32      0       0

Pointer List with Targets:

    None.

Critical Paths under _main in COMMON

    None.

Critical Paths under _INTERRUPT_InterruptManager in COMMON

    _INTERRUPT_InterruptManager->_I2C_ISR
    _I2C_ISR->_I2C_StatusCallback

Critical Paths under _main in BANK0

    None.

Critical Paths under _INTERRUPT_InterruptManager in BANK0

    None.

Critical Paths under _main in BANK1

    None.

Critical Paths under _INTERRUPT_InterruptManager in BANK1

    None.

Call Graph Tables:

 ---------------------------------------------------------------------------------
 (Depth) Function   	        Calls       Base Space   Used Autos Params    Refs
 ---------------------------------------------------------------------------------
 (0) _main                                                 0     0      0       0
                  _SYSTEM_Initialize
 ---------------------------------------------------------------------------------
 (1) _SYSTEM_Initialize                                    0     0      0       0
                     _I2C_Initialize
              _OSCILLATOR_Initialize
             _PIN_MANAGER_Initialize
                     _WDT_Initialize
 ---------------------------------------------------------------------------------
 (2) _WDT_Initialize                                       0     0      0       0
 ---------------------------------------------------------------------------------
 (2) _PIN_MANAGER_Initialize                               0     0      0       0
 ---------------------------------------------------------------------------------
 (2) _OSCILLATOR_Initialize                                0     0      0       0
 ---------------------------------------------------------------------------------
 (2) _I2C_Initialize                                       0     0      0       0
 ---------------------------------------------------------------------------------
 Estimated maximum stack depth 2
 ---------------------------------------------------------------------------------
 (Depth) Function   	        Calls       Base Space   Used Autos Params    Refs
 ---------------------------------------------------------------------------------
 (3) _INTERRUPT_InterruptManager                           0     0      0      45
                            _I2C_ISR
 ---------------------------------------------------------------------------------
 (4) _I2C_ISR                                              2     2      0      45
                                              3 COMMON     2     2      0
                 _I2C_StatusCallback
 ---------------------------------------------------------------------------------
 (5) _I2C_StatusCallback                                   3     3      0      15
                                              0 COMMON     3     3      0
 ---------------------------------------------------------------------------------
 Estimated maximum stack depth 5
 ---------------------------------------------------------------------------------

 Call Graph Graphs:

 _main (ROOT)
   _SYSTEM_Initialize
     _I2C_Initialize
     _OSCILLATOR_Initialize
     _PIN_MANAGER_Initialize
     _WDT_Initialize

 _INTERRUPT_InterruptManager (ROOT)
   _I2C_ISR
     _I2C_StatusCallback

 Address spaces:
Name               Size   Autos  Total    Cost      Usage
BIGRAM              70      0       0       0        0.0%
NULL                 0      0       0       0        0.0%
CODE                 0      0       0       0        0.0%
BITCOMMON            E      0       0       1        0.0%
BITSFR0              0      0       0       1        0.0%
SFR0                 0      0       0       1        0.0%
COMMON               E      5       8       2       57.1%
BITSFR1              0      0       0       2        0.0%
SFR1                 0      0       0       2        0.0%
BITSFR2              0      0       0       3        0.0%
SFR2                 0      0       0       3        0.0%
STACK                0      0       0       3        0.0%
BITSFR3              0      0       0       4        0.0%
SFR3                 0      0       0       4        0.0%
ABS                  0      0      48       4        0.0%
BITBANK0            50      0       0       5        0.0%
BITSFR4              0      0       0       5        0.0%
SFR4                 0      0       0       5        0.0%
BANK0               50      0      40       6       80.0%
BITSFR5              0      0       0       6        0.0%
SFR5                 0      0       0       6        0.0%
BITBANK1            20      0       0       7        0.0%
BITSFR6              0      0       0       7        0.0%
SFR6                 0      0       0       7        0.0%
BANK1               20      0       0       8        0.0%
BITSFR7              0      0       0       8        0.0%
SFR7                 0      0       0       8        0.0%
BITSFR8              0      0       0       9        0.0%
SFR8                 0      0       0       9        0.0%
DATA                 0      0      48       9        0.0%
BITSFR9              0      0       0      10        0.0%
SFR9                 0      0       0      10        0.0%
BITSFR10             0      0       0      11        0.0%
SFR10                0      0       0      11        0.0%
BITSFR11             0      0       0      12        0.0%
SFR11                0      0       0      12        0.0%
BITSFR12             0      0       0      13        0.0%
SFR12                0      0       0      13        0.0%
BITSFR13             0      0       0      14        0.0%
SFR13                0      0       0      14        0.0%
BITSFR14             0      0       0      15        0.0%
SFR14                0      0       0      15        0.0%
BITSFR15             0      0       0      16        0.0%
SFR15                0      0       0      16        0.0%
BITSFR16             0      0       0      17        0.0%
SFR16                0      0       0      17        0.0%
BITSFR17             0      0       0      18        0.0%
SFR17                0      0       0      18        0.0%
BITSFR18             0      0       0      19        0.0%
SFR18                0      0       0      19        0.0%
BITSFR19             0      0       0      20        0.0%
SFR19                0      0       0      20        0.0%
BITSFR20             0      0       0      21        0.0%
SFR20                0      0       0      21        0.0%
BITSFR21             0      0       0      22        0.0%
SFR21                0      0       0      22        0.0%
BITSFR22             0      0       0      23        0.0%
SFR22                0      0       0      23        0.0%
BITSFR23             0      0       0      24        0.0%
SFR23                0      0       0      24        0.0%
BITSFR24             0      0       0      25        0.0%
SFR24                0      0       0      25        0.0%
BITSFR25             0      0       0      26        0.0%
SFR25                0      0       0      26        0.0%
BITSFR26             0      0       0      27        0.0%
SFR26                0      0       0      27        0.0%
BITSFR27             0      0       0      28        0.0%
SFR27                0      0       0      28        0.0%
BITSFR28             0      0       0      29        0.0%
SFR28                0      0       0      29        0.0%
BITSFR29             0      0       0      30        0.0%
SFR29                0      0       0      30        0.0%
BITSFR30             0      0       0      31        0.0%
SFR30                0      0       0      31        0.0%
BITSFR31             0      0       0      32        0.0%
SFR31                0      0       0      32        0.0%


Microchip Technology PIC Macro Assembler V2.05 build -831301201 
Symbol Table                                                                                   Tue Aug 06 02:03:59 2019

                                  l9 0118                          __CFG_CP$OFF 0000  
                        __CFG_LVP$ON 0000                      __end_of_I2C_ISR 00D9  
                       __CFG_BORV$LO 0000                         __CFG_IESO$ON 0000  
                               _LATA 010C                                 _LATB 010D  
                               _LATC 010E                                 i1l29 000F  
                               i1l81 0025                                 i1l65 00CC  
                               i1l94 0078                                 _WPUB 020D  
                               _WPUE 0210                         __CFG_WRT$OFF 0000  
                      __CFG_FCMEN$ON 0000                                 _main 0115  
                               fsr0h 0005                                 fsr1h 0007  
                               fsr0l 0004                                 indf1 0001  
                               fsr1l 0006                                 btemp 007E  
                      __CFG_BOREN$ON 0000                                 start 0011  
                      __CFG_MCLRE$ON 0000       __size_of_OSCILLATOR_Initialize 0006  
      __end_of_OSCILLATOR_Initialize 0110                                ?_main 0070  
                      __CFG_WDTE$OFF 0000                                i1l701 003F  
                              i1l703 004F                                i1l705 0051  
                              i1l713 0062                                i1l825 0047  
                              i1l761 00CA                                i1l827 006A  
                              i1l691 002D                                i1l765 00D0  
                              i1l689 0028                                _TRISA 008C  
                              _TRISB 008D                                _TRISC 008E  
                     _WDT_Initialize 0119                                wtemp0 007E  
                    __initialization 0012                         __end_of_main 0119  
                          ??_I2C_ISR 0073                       __CFG_LPBOR$OFF 0000  
        ?_INTERRUPT_InterruptManager 0070                               ??_main 0075  
             __end_of_WDT_Initialize 011D                               _APFCON 011D  
                             _ANSELA 018C                               _ANSELB 018D  
                             _ANSELC 018E                               _BORCON 0116  
                             _OSCCON 0099                               _WDTCON 0097  
                     __CFG_PWRTE$OFF 0000                       __CFG_STVREN$ON 0000  
                 _I2C_StatusCallback 0023              __size_of_I2C_Initialize 0011  
                       __pdataCOMMON 0077                      ?_WDT_Initialize 0070  
                ?_I2C_StatusCallback 0070                    _SYSTEM_Initialize 0110  
            __end_of__initialization 0020                   ?_SYSTEM_Initialize 0070  
               ??_I2C_StatusCallback 0070                       __pcstackCOMMON 0070  
                       __pidataBANK0 0079                  ??_SYSTEM_Initialize 0075  
                     _OPTION_REGbits 0095            __end_of_SYSTEM_Initialize 0115  
                    __CFG_VCAPEN$OFF 0000                           __pmaintext 0115  
                         __pintentry 0004                              _I2C_ISR 00B9  
   I2C_StatusCallback@slaveWriteType 0075                              _SSP1ADD 0212  
                            _SSP1BUF 0211                              _SSP1MSK 0213  
                     _I2C_Initialize 00F3                              __ptext1 0110  
                            __ptext2 0119                              __ptext3 00D9  
                            __ptext4 010A                              __ptext5 00F3  
                            __ptext7 00B9                              __ptext8 0023  
              _OSCILLATOR_Initialize 010A             ??_PIN_MANAGER_Initialize 0075  
         __size_of_SYSTEM_Initialize 0005                 end_of_initialization 0020  
                            init_ram 0104                              initloop 0105  
             __end_of_I2C_Initialize 0104                     ??_WDT_Initialize 0075  
                   __CFG_FOSC$INTOSC 0000      I2C_StatusCallback@EEPROM_Buffer 0020  
                    ?_I2C_Initialize 0070                        __pidataCOMMON 011D  
             ?_OSCILLATOR_Initialize 0070                  start_initialization 0012  
    __size_of_PIN_MANAGER_Initialize 001A          __size_of_I2C_StatusCallback 0056  
                        __pdataBANK0 0020                             ?_I2C_ISR 0070  
                        __pbssCOMMON 0075                            ___latbits 0000  
             _PIN_MANAGER_Initialize 00D9         ??_INTERRUPT_InterruptManager 0075  
                           _PIE1bits 0091  __size_of_INTERRUPT_InterruptManager 000D  
                           _PIR1bits 0011                             _SSP1CON1 0215  
                           _SSP1CON2 0216                             _SSP1CON3 0217  
                           _SSP1STAT 0214      I2C_StatusCallback@eepromAddress 0076  
                   __size_of_I2C_ISR 0020                     ??_I2C_Initialize 0075  
            ??_OSCILLATOR_Initialize 0075                      I2C_ISR@i2c_data 0074  
                       _SSP1CON1bits 0215                         _SSP1CON2bits 0216  
                      __size_of_main 0004                             int$flags 007E  
 __end_of_INTERRUPT_InterruptManager 0011           _INTERRUPT_InterruptManager 0004  
                       _SSP1STATbits 0214                   _I2C_slaveWriteData 0077  
                         _INTCONbits 000B              __size_of_WDT_Initialize 0004  
                           intlevel1 0000              ?_PIN_MANAGER_Initialize 0070  
                  __CFG_CLKOUTEN$OFF 0000           __end_of_I2C_StatusCallback 0079  
    I2C_StatusCallback@i2c_bus_state 0072       __end_of_PIN_MANAGER_Initialize 00F3  
