

Microchip MPLAB XC8 Assembler V2.05 build -831301201 
                                                                                               Mon Aug 05 16:00:07 2019

Microchip MPLAB XC8 C Compiler v2.05 (Free license) build 20181220022703 Og1 
     1                           	processor	16F1512
     2                           	opt	pw 120
     3                           	opt	flic
     4                           	psect	cinit,global,class=CODE,merge=1,delta=2
     5                           	psect	cstackCOMMON,global,class=COMMON,space=1,delta=1
     6                           	psect	maintext,global,class=CODE,merge=1,split=1,delta=2
     7                           	psect	text1,local,class=CODE,merge=1,delta=2
     8                           	psect	text2,local,class=CODE,merge=1,delta=2
     9                           	psect	text3,local,class=CODE,merge=1,delta=2
    10                           	psect	text4,local,class=CODE,merge=1,delta=2
    11                           	psect	text5,local,class=CODE,merge=1,delta=2
    12                           	psect	text6,local,class=CODE,merge=1,delta=2
    13                           	psect	text7,local,class=CODE,merge=1,delta=2
    14                           	psect	text8,local,class=CODE,merge=1,delta=2
    15                           	psect	text9,local,class=CODE,merge=1,delta=2
    16                           	psect	text10,local,class=CODE,merge=1,delta=2
    17                           	psect	text11,local,class=CODE,merge=1,delta=2
    18                           	dabs	1,0x7E,2
    19  0000                     
    20                           ; Version 2.05
    21                           ; Generated 20/12/2018 GMT
    22                           ; 
    23                           ; Copyright © 2018, Microchip Technology Inc. and its subsidiaries ("Microchip")
    24                           ; All rights reserved.
    25                           ; 
    26                           ; This software is developed by Microchip Technology Inc. and its subsidiaries ("Microch
      +                          ip").
    27                           ; 
    28                           ; Redistribution and use in source and binary forms, with or without modification, are
    29                           ; permitted provided that the following conditions are met:
    30                           ; 
    31                           ;     1. Redistributions of source code must retain the above copyright notice, this lis
      +                          t of
    32                           ;        conditions and the following disclaimer.
    33                           ; 
    34                           ;     2. Redistributions in binary form must reproduce the above copyright notice, this 
      +                          list
    35                           ;        of conditions and the following disclaimer in the documentation and/or other
    36                           ;        materials provided with the distribution.
    37                           ; 
    38                           ;     3. Microchip's name may not be used to endorse or promote products derived from th
      +                          is
    39                           ;        software without specific prior written permission.
    40                           ; 
    41                           ; THIS SOFTWARE IS PROVIDED BY MICROCHIP "AS IS" AND ANY EXPRESS OR IMPLIED WARRANTIES,
    42                           ; INCLUDING, BUT NOT LIMITED TO, THE IMPLIED WARRANTIES OF MERCHANTABILITY AND FITNESS F
      +                          OR
    43                           ; PURPOSE ARE DISCLAIMED.  IN NO EVENT SHALL MICROCHIP BE LIABLE FOR ANY DIRECT, INDIREC
      +                          T,
    44                           ; INCIDENTAL, SPECIAL, EXEMPLARY, OR CONSEQUENTIAL DAMAGES (INCLUDING BUT NOT LIMITED TO
    45                           ; PROCUREMENT OF SUBSTITUTE GOODS OR SERVICES; LOSS OF USE, DATA OR PROFITS; OR BUSINESS
    46                           ; INTERRUPTION) HOWSOEVER CAUSED AND ON ANY THEORY OF LIABILITY, WHETHER IN CONTRACT, ST
      +                          RICT
    47                           ; LIABILITY, OR TORT (INCLUDING NEGLIGENCE OR OTHERWISE) ARISING IN ANY WAY OUT OF THE U
      +                          SE OF
    48                           ; THIS SOFTWARE, EVEN IF ADVISED OF THE POSSIBILITY OF SUCH DAMAGE.
    49                           ; 
    50                           ; 
    51                           ; Code-generator required, PIC16F1512 Definitions
    52                           ; 
    53                           ; SFR Addresses
    54  0000                     	;# 
    55  0001                     	;# 
    56  0002                     	;# 
    57  0003                     	;# 
    58  0004                     	;# 
    59  0005                     	;# 
    60  0006                     	;# 
    61  0007                     	;# 
    62  0008                     	;# 
    63  0009                     	;# 
    64  000A                     	;# 
    65  000B                     	;# 
    66  000C                     	;# 
    67  000D                     	;# 
    68  000E                     	;# 
    69  0010                     	;# 
    70  0011                     	;# 
    71  0012                     	;# 
    72  0015                     	;# 
    73  0016                     	;# 
    74  0016                     	;# 
    75  0017                     	;# 
    76  0018                     	;# 
    77  0019                     	;# 
    78  001A                     	;# 
    79  001B                     	;# 
    80  001C                     	;# 
    81  008C                     	;# 
    82  008D                     	;# 
    83  008E                     	;# 
    84  0090                     	;# 
    85  0091                     	;# 
    86  0092                     	;# 
    87  0095                     	;# 
    88  0096                     	;# 
    89  0097                     	;# 
    90  0099                     	;# 
    91  009A                     	;# 
    92  009B                     	;# 
    93  009B                     	;# 
    94  009B                     	;# 
    95  009B                     	;# 
    96  009C                     	;# 
    97  009C                     	;# 
    98  009D                     	;# 
    99  009E                     	;# 
   100  010C                     	;# 
   101  010D                     	;# 
   102  010E                     	;# 
   103  0116                     	;# 
   104  0117                     	;# 
   105  011D                     	;# 
   106  018C                     	;# 
   107  018D                     	;# 
   108  018E                     	;# 
   109  0191                     	;# 
   110  0191                     	;# 
   111  0192                     	;# 
   112  0193                     	;# 
   113  0193                     	;# 
   114  0194                     	;# 
   115  0195                     	;# 
   116  0196                     	;# 
   117  0197                     	;# 
   118  0199                     	;# 
   119  019A                     	;# 
   120  019B                     	;# 
   121  019B                     	;# 
   122  019B                     	;# 
   123  019B                     	;# 
   124  019C                     	;# 
   125  019C                     	;# 
   126  019D                     	;# 
   127  019E                     	;# 
   128  019F                     	;# 
   129  020D                     	;# 
   130  0210                     	;# 
   131  0211                     	;# 
   132  0211                     	;# 
   133  0212                     	;# 
   134  0212                     	;# 
   135  0213                     	;# 
   136  0213                     	;# 
   137  0214                     	;# 
   138  0214                     	;# 
   139  0215                     	;# 
   140  0215                     	;# 
   141  0215                     	;# 
   142  0216                     	;# 
   143  0216                     	;# 
   144  0217                     	;# 
   145  0217                     	;# 
   146  0291                     	;# 
   147  0291                     	;# 
   148  0292                     	;# 
   149  0293                     	;# 
   150  0298                     	;# 
   151  0298                     	;# 
   152  0299                     	;# 
   153  029A                     	;# 
   154  0394                     	;# 
   155  0395                     	;# 
   156  0396                     	;# 
   157  0FE4                     	;# 
   158  0FE5                     	;# 
   159  0FE6                     	;# 
   160  0FE7                     	;# 
   161  0FE8                     	;# 
   162  0FE9                     	;# 
   163  0FEA                     	;# 
   164  0FEB                     	;# 
   165  0FED                     	;# 
   166  0FEE                     	;# 
   167  0FEF                     	;# 
   168  0711                     	;# 
   169  0712                     	;# 
   170  0713                     	;# 
   171  0714                     	;# 
   172  0715                     	;# 
   173  0716                     	;# 
   174  0717                     	;# 
   175  0718                     	;# 
   176  0719                     	;# 
   177  071A                     	;# 
   178  071A                     	;# 
   179  071A                     	;# 
   180  071B                     	;# 
   181  071C                     	;# 
   182  071C                     	;# 
   183  071C                     	;# 
   184  071D                     	;# 
   185  0000                     	;# 
   186  0001                     	;# 
   187  0002                     	;# 
   188  0003                     	;# 
   189  0004                     	;# 
   190  0005                     	;# 
   191  0006                     	;# 
   192  0007                     	;# 
   193  0008                     	;# 
   194  0009                     	;# 
   195  000A                     	;# 
   196  000B                     	;# 
   197  000C                     	;# 
   198  000D                     	;# 
   199  000E                     	;# 
   200  0010                     	;# 
   201  0011                     	;# 
   202  0012                     	;# 
   203  0015                     	;# 
   204  0016                     	;# 
   205  0016                     	;# 
   206  0017                     	;# 
   207  0018                     	;# 
   208  0019                     	;# 
   209  001A                     	;# 
   210  001B                     	;# 
   211  001C                     	;# 
   212  008C                     	;# 
   213  008D                     	;# 
   214  008E                     	;# 
   215  0090                     	;# 
   216  0091                     	;# 
   217  0092                     	;# 
   218  0095                     	;# 
   219  0096                     	;# 
   220  0097                     	;# 
   221  0099                     	;# 
   222  009A                     	;# 
   223  009B                     	;# 
   224  009B                     	;# 
   225  009B                     	;# 
   226  009B                     	;# 
   227  009C                     	;# 
   228  009C                     	;# 
   229  009D                     	;# 
   230  009E                     	;# 
   231  010C                     	;# 
   232  010D                     	;# 
   233  010E                     	;# 
   234  0116                     	;# 
   235  0117                     	;# 
   236  011D                     	;# 
   237  018C                     	;# 
   238  018D                     	;# 
   239  018E                     	;# 
   240  0191                     	;# 
   241  0191                     	;# 
   242  0192                     	;# 
   243  0193                     	;# 
   244  0193                     	;# 
   245  0194                     	;# 
   246  0195                     	;# 
   247  0196                     	;# 
   248  0197                     	;# 
   249  0199                     	;# 
   250  019A                     	;# 
   251  019B                     	;# 
   252  019B                     	;# 
   253  019B                     	;# 
   254  019B                     	;# 
   255  019C                     	;# 
   256  019C                     	;# 
   257  019D                     	;# 
   258  019E                     	;# 
   259  019F                     	;# 
   260  020D                     	;# 
   261  0210                     	;# 
   262  0211                     	;# 
   263  0211                     	;# 
   264  0212                     	;# 
   265  0212                     	;# 
   266  0213                     	;# 
   267  0213                     	;# 
   268  0214                     	;# 
   269  0214                     	;# 
   270  0215                     	;# 
   271  0215                     	;# 
   272  0215                     	;# 
   273  0216                     	;# 
   274  0216                     	;# 
   275  0217                     	;# 
   276  0217                     	;# 
   277  0291                     	;# 
   278  0291                     	;# 
   279  0292                     	;# 
   280  0293                     	;# 
   281  0298                     	;# 
   282  0298                     	;# 
   283  0299                     	;# 
   284  029A                     	;# 
   285  0394                     	;# 
   286  0395                     	;# 
   287  0396                     	;# 
   288  0FE4                     	;# 
   289  0FE5                     	;# 
   290  0FE6                     	;# 
   291  0FE7                     	;# 
   292  0FE8                     	;# 
   293  0FE9                     	;# 
   294  0FEA                     	;# 
   295  0FEB                     	;# 
   296  0FED                     	;# 
   297  0FEE                     	;# 
   298  0FEF                     	;# 
   299  0711                     	;# 
   300  0712                     	;# 
   301  0713                     	;# 
   302  0714                     	;# 
   303  0715                     	;# 
   304  0716                     	;# 
   305  0717                     	;# 
   306  0718                     	;# 
   307  0719                     	;# 
   308  071A                     	;# 
   309  071A                     	;# 
   310  071A                     	;# 
   311  071B                     	;# 
   312  071C                     	;# 
   313  071C                     	;# 
   314  071C                     	;# 
   315  071D                     	;# 
   316  008E                     _TRISC	set	142
   317  008D                     _TRISB	set	141
   318  008C                     _TRISA	set	140
   319  0099                     _OSCCONbits	set	153
   320  010E                     _LATC	set	270
   321  010D                     _LATB	set	269
   322  010C                     _LATA	set	268
   323  010E                     _LATCbits	set	270
   324  018E                     _ANSELC	set	398
   325  018D                     _ANSELB	set	397
   326  018C                     _ANSELA	set	396
   327  0212                     _SSPADD	set	530
   328  0215                     _SSPCON1	set	533
   329  0211                     _SSPBUF	set	529
   330  0216                     _SSPCON2	set	534
   331  0214                     _SSPSTAT	set	532
   332  10B2                     _PEN	set	4274
   333  10B1                     _RSEN	set	4273
   334  10B0                     _SEN	set	4272
   335                           
   336                           	psect	cinit
   337  07FE                     start_initialization:	
   338                           ; #config settings
   339                           
   340  07FE                     __initialization:	
   341  07FE                     end_of_initialization:	
   342                           ;End of C runtime variable initialization code
   343                           
   344  07FE                     __end_of__initialization:	
   345  07FE  0020               	movlb	0
   346  07FF  2FE5               	ljmp	_main	;jump to C main() function
   347                           
   348                           	psect	cstackCOMMON
   349  0070                     __pcstackCOMMON:	
   350  0070                     ?_init:	
   351  0070                     ??_init:	
   352                           ; 1 bytes @ 0x0
   353                           
   354  0070                     ?_init_oscillator:	
   355                           ; 1 bytes @ 0x0
   356                           
   357  0070                     ??_init_oscillator:	
   358                           ; 1 bytes @ 0x0
   359                           
   360  0070                     ?_init_ports:	
   361                           ; 1 bytes @ 0x0
   362                           
   363  0070                     ??_init_ports:	
   364                           ; 1 bytes @ 0x0
   365                           
   366  0070                     ?_init_i2c:	
   367                           ; 1 bytes @ 0x0
   368                           
   369  0070                     ??_init_i2c:	
   370                           ; 1 bytes @ 0x0
   371                           
   372  0070                     ?_init_i2c_master:	
   373                           ; 1 bytes @ 0x0
   374                           
   375  0070                     ??_init_i2c_master:	
   376                           ; 1 bytes @ 0x0
   377                           
   378  0070                     ?_I2C_Master_Wait:	
   379                           ; 1 bytes @ 0x0
   380                           
   381  0070                     ??_I2C_Master_Wait:	
   382                           ; 1 bytes @ 0x0
   383                           
   384  0070                     ?_I2C_Master_Start:	
   385                           ; 1 bytes @ 0x0
   386                           
   387  0070                     ??_I2C_Master_Start:	
   388                           ; 1 bytes @ 0x0
   389                           
   390  0070                     ?_I2C_Master_Stop:	
   391                           ; 1 bytes @ 0x0
   392                           
   393  0070                     ??_I2C_Master_Stop:	
   394                           ; 1 bytes @ 0x0
   395                           
   396  0070                     ?_I2C_Master_Write:	
   397                           ; 1 bytes @ 0x0
   398                           
   399  0070                     ?_main:	
   400                           ; 1 bytes @ 0x0
   401                           
   402  0070                     ?_reset_ports:	
   403                           ; 1 bytes @ 0x0
   404                           
   405  0070                     ??_reset_ports:	
   406                           ; 1 bytes @ 0x0
   407                           
   408  0070                     I2C_Master_Write@d:	
   409                           ; 1 bytes @ 0x0
   410                           
   411                           
   412                           ; 2 bytes @ 0x0
   413  0070                     	ds	2
   414  0072                     ??_I2C_Master_Write:	
   415  0072                     ?_i2cSend:	
   416                           ; 1 bytes @ 0x2
   417                           
   418  0072                     i2cSend@data:	
   419                           ; 1 bytes @ 0x2
   420                           
   421                           
   422                           ; 2 bytes @ 0x2
   423  0072                     	ds	2
   424  0074                     ??_i2cSend:	
   425  0074                     ??_main:	
   426                           ; 1 bytes @ 0x4
   427                           
   428                           
   429                           ; 1 bytes @ 0x4
   430  0074                     	ds	1
   431  0075                     main@v:	
   432                           
   433                           ; 2 bytes @ 0x5
   434  0075                     	ds	2
   435                           
   436                           	psect	maintext
   437  07E5                     __pmaintext:	
   438 ;;
   439 ;;Main: autosize = 0, tempsize = 1, incstack = 0, save=0
   440 ;;
   441 ;; *************** function _main *****************
   442 ;; Defined at:
   443 ;;		line 67 in file "main.c"
   444 ;; Parameters:    Size  Location     Type
   445 ;;		None
   446 ;; Auto vars:     Size  Location     Type
   447 ;;  v               2    5[COMMON] unsigned int 
   448 ;;  i               2    0        unsigned int 
   449 ;; Return value:  Size  Location     Type
   450 ;;                  1    wreg      void 
   451 ;; Registers used:
   452 ;;		wreg, status,2, status,0, pclath, cstack
   453 ;; Tracked objects:
   454 ;;		On entry : B1F/0
   455 ;;		On exit  : 0/0
   456 ;;		Unchanged: 0/0
   457 ;; Data sizes:     COMMON   BANK0   BANK1
   458 ;;      Params:         0       0       0
   459 ;;      Locals:         2       0       0
   460 ;;      Temps:          1       0       0
   461 ;;      Totals:         3       0       0
   462 ;;Total ram usage:        3 bytes
   463 ;; Hardware stack levels required when called:    3
   464 ;; This function calls:
   465 ;;		_i2cSend
   466 ;;		_init
   467 ;; This function is called by:
   468 ;;		Startup code after reset
   469 ;; This function uses a non-reentrant model
   470 ;;
   471                           
   472                           
   473                           ;psect for function _main
   474  07E5                     _main:	
   475                           
   476                           ;main.c: 68:     init();
   477                           
   478                           ;incstack = 0
   479                           ; Regs used in _main: [wreg+status,2+status,0+pclath+cstack]
   480  07E5  27A1               	fcall	_init
   481                           
   482                           ;main.c: 69:     LATCbits.LATC7 = 1;
   483  07E6  0022               	movlb	2	; select bank2
   484  07E7  178E               	bsf	14,7	;volatile
   485                           
   486                           ;main.c: 72:     unsigned int v = 0;
   487  07E8  01F5               	clrf	main@v
   488  07E9  01F6               	clrf	main@v+1
   489  07EA                     l709:	
   490                           
   491                           ;main.c: 75:         _delay((unsigned long)((100)*(4000000/4000.0)));
   492  07EA  3082               	movlw	130
   493  07EB  00F4               	movwf	??_main
   494  07EC  30DE               	movlw	222
   495  07ED                     u57:	
   496  07ED  0B89               	decfsz	9,f
   497  07EE  2FED               	goto	u57
   498  07EF  0BF4               	decfsz	??_main,f
   499  07F0  2FED               	goto	u57
   500                           
   501                           ;main.c: 76:         v++;
   502  07F1  3001               	movlw	1
   503  07F2  07F5               	addwf	main@v,f
   504  07F3  3000               	movlw	0
   505  07F4  3DF6               	addwfc	main@v+1,f
   506                           
   507                           ;main.c: 77:         i2cSend(v);
   508  07F5  0876               	movf	main@v+1,w
   509  07F6  00F3               	movwf	i2cSend@data+1
   510  07F7  0875               	movf	main@v,w
   511  07F8  00F2               	movwf	i2cSend@data
   512  07F9  27CB               	fcall	_i2cSend
   513                           
   514                           ;main.c: 78:         LATA = v;
   515  07FA  0875               	movf	main@v,w
   516  07FB  0022               	movlb	2	; select bank2
   517  07FC  008C               	movwf	12	;volatile
   518  07FD  2FEA               	goto	l709
   519  07FE                     __end_of_main:	
   520                           
   521                           	psect	text1
   522  07A1                     __ptext1:	
   523 ;; *************** function _init *****************
   524 ;; Defined at:
   525 ;;		line 8 in file "conf.c"
   526 ;; Parameters:    Size  Location     Type
   527 ;;		None
   528 ;; Auto vars:     Size  Location     Type
   529 ;;		None
   530 ;; Return value:  Size  Location     Type
   531 ;;                  1    wreg      void 
   532 ;; Registers used:
   533 ;;		wreg, status,2, status,0, pclath, cstack
   534 ;; Tracked objects:
   535 ;;		On entry : 0/0
   536 ;;		On exit  : 0/0
   537 ;;		Unchanged: 0/0
   538 ;; Data sizes:     COMMON   BANK0   BANK1
   539 ;;      Params:         0       0       0
   540 ;;      Locals:         0       0       0
   541 ;;      Temps:          0       0       0
   542 ;;      Totals:         0       0       0
   543 ;;Total ram usage:        0 bytes
   544 ;; Hardware stack levels used:    1
   545 ;; Hardware stack levels required when called:    2
   546 ;; This function calls:
   547 ;;		_init_i2c
   548 ;;		_init_oscillator
   549 ;;		_init_ports
   550 ;; This function is called by:
   551 ;;		_main
   552 ;; This function uses a non-reentrant model
   553 ;;
   554                           
   555                           
   556                           ;psect for function _init
   557  07A1                     _init:	
   558                           
   559                           ;conf.c: 9:     init_oscillator();
   560                           
   561                           ;incstack = 0
   562                           ; Regs used in _init: [wreg+status,2+status,0+pclath+cstack]
   563  07A1  27B4               	fcall	_init_oscillator
   564                           
   565                           ;conf.c: 10:     init_ports();
   566  07A2  27AF               	fcall	_init_ports
   567                           
   568                           ;conf.c: 12:     init_i2c();
   569  07A3  27AA               	fcall	_init_i2c
   570  07A4  0008               	return
   571  07A5                     __end_of_init:	
   572                           
   573                           	psect	text2
   574  07AF                     __ptext2:	
   575 ;; *************** function _init_ports *****************
   576 ;; Defined at:
   577 ;;		line 51 in file "conf.c"
   578 ;; Parameters:    Size  Location     Type
   579 ;;		None
   580 ;; Auto vars:     Size  Location     Type
   581 ;;		None
   582 ;; Return value:  Size  Location     Type
   583 ;;                  1    wreg      void 
   584 ;; Registers used:
   585 ;;		wreg, status,2, status,0, pclath, cstack
   586 ;; Tracked objects:
   587 ;;		On entry : 0/0
   588 ;;		On exit  : 0/0
   589 ;;		Unchanged: 0/0
   590 ;; Data sizes:     COMMON   BANK0   BANK1
   591 ;;      Params:         0       0       0
   592 ;;      Locals:         0       0       0
   593 ;;      Temps:          0       0       0
   594 ;;      Totals:         0       0       0
   595 ;;Total ram usage:        0 bytes
   596 ;; Hardware stack levels used:    1
   597 ;; Hardware stack levels required when called:    1
   598 ;; This function calls:
   599 ;;		_reset_ports
   600 ;; This function is called by:
   601 ;;		_init
   602 ;; This function uses a non-reentrant model
   603 ;;
   604                           
   605                           
   606                           ;psect for function _init_ports
   607  07AF                     _init_ports:	
   608                           
   609                           ;conf.c: 53:     reset_ports ();
   610                           
   611                           ;incstack = 0
   612                           ; Regs used in _init_ports: [wreg+status,2+status,0+pclath+cstack]
   613  07AF  27D8               	fcall	_reset_ports
   614                           
   615                           ;conf.c: 56:     TRISB = 0b00000111;
   616  07B0  3007               	movlw	7
   617  07B1  0021               	movlb	1	; select bank1
   618  07B2  008D               	movwf	13	;volatile
   619  07B3  0008               	return
   620  07B4                     __end_of_init_ports:	
   621                           
   622                           	psect	text3
   623  07D8                     __ptext3:	
   624 ;; *************** function _reset_ports *****************
   625 ;; Defined at:
   626 ;;		line 31 in file "conf.c"
   627 ;; Parameters:    Size  Location     Type
   628 ;;		None
   629 ;; Auto vars:     Size  Location     Type
   630 ;;		None
   631 ;; Return value:  Size  Location     Type
   632 ;;                  1    wreg      void 
   633 ;; Registers used:
   634 ;;		status,2
   635 ;; Tracked objects:
   636 ;;		On entry : 0/0
   637 ;;		On exit  : 0/0
   638 ;;		Unchanged: 0/0
   639 ;; Data sizes:     COMMON   BANK0   BANK1
   640 ;;      Params:         0       0       0
   641 ;;      Locals:         0       0       0
   642 ;;      Temps:          0       0       0
   643 ;;      Totals:         0       0       0
   644 ;;Total ram usage:        0 bytes
   645 ;; Hardware stack levels used:    1
   646 ;; This function calls:
   647 ;;		Nothing
   648 ;; This function is called by:
   649 ;;		_init_ports
   650 ;; This function uses a non-reentrant model
   651 ;;
   652                           
   653                           
   654                           ;psect for function _reset_ports
   655  07D8                     _reset_ports:	
   656                           
   657                           ;conf.c: 35:     TRISA = 0x00;
   658                           
   659                           ;incstack = 0
   660                           ; Regs used in _reset_ports: [status,2]
   661  07D8  0021               	movlb	1	; select bank1
   662  07D9  018C               	clrf	12	;volatile
   663                           
   664                           ;conf.c: 36:     TRISB = 0x00;
   665  07DA  018D               	clrf	13	;volatile
   666                           
   667                           ;conf.c: 37:     TRISC = 0x00;
   668  07DB  018E               	clrf	14	;volatile
   669                           
   670                           ;conf.c: 40:     LATA = 0x00;
   671  07DC  0022               	movlb	2	; select bank2
   672  07DD  018C               	clrf	12	;volatile
   673                           
   674                           ;conf.c: 41:     LATB = 0x00;
   675  07DE  018D               	clrf	13	;volatile
   676                           
   677                           ;conf.c: 42:     LATC = 0x00;
   678  07DF  018E               	clrf	14	;volatile
   679                           
   680                           ;conf.c: 45:     ANSELA = 0x00;
   681  07E0  0023               	movlb	3	; select bank3
   682  07E1  018C               	clrf	12	;volatile
   683                           
   684                           ;conf.c: 46:     ANSELB = 0x00;
   685  07E2  018D               	clrf	13	;volatile
   686                           
   687                           ;conf.c: 47:     ANSELC = 0x00;
   688  07E3  018E               	clrf	14	;volatile
   689  07E4  0008               	return
   690  07E5                     __end_of_reset_ports:	
   691                           
   692                           	psect	text4
   693  07B4                     __ptext4:	
   694 ;; *************** function _init_oscillator *****************
   695 ;; Defined at:
   696 ;;		line 16 in file "conf.c"
   697 ;; Parameters:    Size  Location     Type
   698 ;;		None
   699 ;; Auto vars:     Size  Location     Type
   700 ;;		None
   701 ;; Return value:  Size  Location     Type
   702 ;;                  1    wreg      void 
   703 ;; Registers used:
   704 ;;		wreg, status,2, status,0
   705 ;; Tracked objects:
   706 ;;		On entry : 0/0
   707 ;;		On exit  : 0/0
   708 ;;		Unchanged: 0/0
   709 ;; Data sizes:     COMMON   BANK0   BANK1
   710 ;;      Params:         0       0       0
   711 ;;      Locals:         0       0       0
   712 ;;      Temps:          0       0       0
   713 ;;      Totals:         0       0       0
   714 ;;Total ram usage:        0 bytes
   715 ;; Hardware stack levels used:    1
   716 ;; This function calls:
   717 ;;		Nothing
   718 ;; This function is called by:
   719 ;;		_init
   720 ;; This function uses a non-reentrant model
   721 ;;
   722                           
   723                           
   724                           ;psect for function _init_oscillator
   725  07B4                     _init_oscillator:	
   726                           
   727                           ;conf.c: 19:     OSCCONbits.SCS1 = 1;
   728                           
   729                           ;incstack = 0
   730                           ; Regs used in _init_oscillator: [wreg+status,2+status,0]
   731  07B4  0021               	movlb	1	; select bank1
   732  07B5  1499               	bsf	25,1	;volatile
   733                           
   734                           ;conf.c: 22:     OSCCONbits.IRCF = 0b1101;
   735  07B6  0819               	movf	25,w	;volatile
   736  07B7  3987               	andlw	-121
   737  07B8  3868               	iorlw	104
   738  07B9  0099               	movwf	25	;volatile
   739  07BA  0008               	return
   740  07BB                     __end_of_init_oscillator:	
   741                           
   742                           	psect	text5
   743  07AA                     __ptext5:	
   744 ;; *************** function _init_i2c *****************
   745 ;; Defined at:
   746 ;;		line 61 in file "conf.c"
   747 ;; Parameters:    Size  Location     Type
   748 ;;		None
   749 ;; Auto vars:     Size  Location     Type
   750 ;;		None
   751 ;; Return value:  Size  Location     Type
   752 ;;                  1    wreg      void 
   753 ;; Registers used:
   754 ;;		wreg, status,2, status,0, pclath, cstack
   755 ;; Tracked objects:
   756 ;;		On entry : 0/0
   757 ;;		On exit  : 0/0
   758 ;;		Unchanged: 0/0
   759 ;; Data sizes:     COMMON   BANK0   BANK1
   760 ;;      Params:         0       0       0
   761 ;;      Locals:         0       0       0
   762 ;;      Temps:          0       0       0
   763 ;;      Totals:         0       0       0
   764 ;;Total ram usage:        0 bytes
   765 ;; Hardware stack levels used:    1
   766 ;; Hardware stack levels required when called:    1
   767 ;; This function calls:
   768 ;;		_init_i2c_master
   769 ;; This function is called by:
   770 ;;		_init
   771 ;; This function uses a non-reentrant model
   772 ;;
   773                           
   774                           
   775                           ;psect for function _init_i2c
   776  07AA                     _init_i2c:	
   777                           
   778                           ;conf.c: 63:     TRISC = 0b00011000;
   779                           
   780                           ;incstack = 0
   781                           ; Regs used in _init_i2c: [wreg+status,2+status,0+pclath+cstack]
   782  07AA  3018               	movlw	24
   783  07AB  0021               	movlb	1	; select bank1
   784  07AC  008E               	movwf	14	;volatile
   785                           
   786                           ;conf.c: 65:     init_i2c_master ();
   787  07AD  27C3               	fcall	_init_i2c_master
   788  07AE  0008               	return
   789  07AF                     __end_of_init_i2c:	
   790                           
   791                           	psect	text6
   792  07C3                     __ptext6:	
   793 ;; *************** function _init_i2c_master *****************
   794 ;; Defined at:
   795 ;;		line 68 in file "conf.c"
   796 ;; Parameters:    Size  Location     Type
   797 ;;		None
   798 ;; Auto vars:     Size  Location     Type
   799 ;;		None
   800 ;; Return value:  Size  Location     Type
   801 ;;                  1    wreg      void 
   802 ;; Registers used:
   803 ;;		wreg, status,2
   804 ;; Tracked objects:
   805 ;;		On entry : 0/0
   806 ;;		On exit  : 0/0
   807 ;;		Unchanged: 0/0
   808 ;; Data sizes:     COMMON   BANK0   BANK1
   809 ;;      Params:         0       0       0
   810 ;;      Locals:         0       0       0
   811 ;;      Temps:          0       0       0
   812 ;;      Totals:         0       0       0
   813 ;;Total ram usage:        0 bytes
   814 ;; Hardware stack levels used:    1
   815 ;; This function calls:
   816 ;;		Nothing
   817 ;; This function is called by:
   818 ;;		_init_i2c
   819 ;; This function uses a non-reentrant model
   820 ;;
   821                           
   822                           
   823                           ;psect for function _init_i2c_master
   824  07C3                     _init_i2c_master:	
   825                           
   826                           ;conf.c: 72:     SSPCON1 = 0b00101000;
   827                           
   828                           ;incstack = 0
   829                           ; Regs used in _init_i2c_master: [wreg+status,2]
   830  07C3  3028               	movlw	40
   831  07C4  0024               	movlb	4	; select bank4
   832  07C5  0095               	movwf	21	;volatile
   833                           
   834                           ;conf.c: 75:     SSPCON2 = 0;
   835  07C6  0196               	clrf	22	;volatile
   836                           
   837                           ;conf.c: 79:     SSPADD = 9;
   838  07C7  3009               	movlw	9
   839  07C8  0092               	movwf	18	;volatile
   840                           
   841                           ;conf.c: 82:     SSPSTAT = 0;
   842  07C9  0194               	clrf	20	;volatile
   843  07CA  0008               	return
   844  07CB                     __end_of_init_i2c_master:	
   845                           
   846                           	psect	text7
   847  07CB                     __ptext7:	
   848 ;; *************** function _i2cSend *****************
   849 ;; Defined at:
   850 ;;		line 49 in file "main.c"
   851 ;; Parameters:    Size  Location     Type
   852 ;;  data            2    2[COMMON] unsigned int 
   853 ;; Auto vars:     Size  Location     Type
   854 ;;		None
   855 ;; Return value:  Size  Location     Type
   856 ;;                  1    wreg      void 
   857 ;; Registers used:
   858 ;;		wreg, status,2, status,0, pclath, cstack
   859 ;; Tracked objects:
   860 ;;		On entry : 0/0
   861 ;;		On exit  : 0/0
   862 ;;		Unchanged: 0/0
   863 ;; Data sizes:     COMMON   BANK0   BANK1
   864 ;;      Params:         2       0       0
   865 ;;      Locals:         0       0       0
   866 ;;      Temps:          0       0       0
   867 ;;      Totals:         2       0       0
   868 ;;Total ram usage:        2 bytes
   869 ;; Hardware stack levels used:    1
   870 ;; Hardware stack levels required when called:    2
   871 ;; This function calls:
   872 ;;		_I2C_Master_Start
   873 ;;		_I2C_Master_Stop
   874 ;;		_I2C_Master_Write
   875 ;; This function is called by:
   876 ;;		_main
   877 ;; This function uses a non-reentrant model
   878 ;;
   879                           
   880                           
   881                           ;psect for function _i2cSend
   882  07CB                     _i2cSend:	
   883                           
   884                           ;main.c: 60:     I2C_Master_Start();
   885                           
   886                           ;incstack = 0
   887                           ; Regs used in _i2cSend: [wreg+status,2+status,0+pclath+cstack]
   888  07CB  2799               	fcall	_I2C_Master_Start
   889                           
   890                           ;main.c: 61:     I2C_Master_Write(0x30);
   891  07CC  3030               	movlw	48
   892  07CD  00F0               	movwf	I2C_Master_Write@d
   893  07CE  3000               	movlw	0
   894  07CF  00F1               	movwf	I2C_Master_Write@d+1
   895  07D0  27A5               	fcall	_I2C_Master_Write
   896                           
   897                           ;main.c: 62:     I2C_Master_Write(data);
   898  07D1  0873               	movf	i2cSend@data+1,w
   899  07D2  00F1               	movwf	I2C_Master_Write@d+1
   900  07D3  0872               	movf	i2cSend@data,w
   901  07D4  00F0               	movwf	I2C_Master_Write@d
   902  07D5  27A5               	fcall	_I2C_Master_Write
   903                           
   904                           ;main.c: 63:     I2C_Master_Stop();
   905  07D6  279D               	fcall	_I2C_Master_Stop
   906  07D7  0008               	return
   907  07D8                     __end_of_i2cSend:	
   908                           
   909                           	psect	text8
   910  07A5                     __ptext8:	
   911 ;; *************** function _I2C_Master_Write *****************
   912 ;; Defined at:
   913 ;;		line 38 in file "main.c"
   914 ;; Parameters:    Size  Location     Type
   915 ;;  d               2    0[COMMON] unsigned int 
   916 ;; Auto vars:     Size  Location     Type
   917 ;;		None
   918 ;; Return value:  Size  Location     Type
   919 ;;                  1    wreg      void 
   920 ;; Registers used:
   921 ;;		wreg, status,2, status,0, pclath, cstack
   922 ;; Tracked objects:
   923 ;;		On entry : 0/0
   924 ;;		On exit  : 0/0
   925 ;;		Unchanged: 0/0
   926 ;; Data sizes:     COMMON   BANK0   BANK1
   927 ;;      Params:         2       0       0
   928 ;;      Locals:         0       0       0
   929 ;;      Temps:          0       0       0
   930 ;;      Totals:         2       0       0
   931 ;;Total ram usage:        2 bytes
   932 ;; Hardware stack levels used:    1
   933 ;; Hardware stack levels required when called:    1
   934 ;; This function calls:
   935 ;;		_I2C_Master_Wait
   936 ;; This function is called by:
   937 ;;		_i2cSend
   938 ;; This function uses a non-reentrant model
   939 ;;
   940                           
   941                           
   942                           ;psect for function _I2C_Master_Write
   943  07A5                     _I2C_Master_Write:	
   944                           
   945                           ;main.c: 38: void I2C_Master_Write(unsigned d);main.c: 39: {;main.c: 40:   I2C_Master_Wa
      +                          it();
   946                           
   947                           ;incstack = 0
   948                           ; Regs used in _I2C_Master_Write: [wreg+status,2+status,0+pclath+cstack]
   949  07A5  27BB               	fcall	_I2C_Master_Wait
   950                           
   951                           ;main.c: 41:   SSPBUF = d;
   952  07A6  0870               	movf	I2C_Master_Write@d,w
   953  07A7  0024               	movlb	4	; select bank4
   954  07A8  0091               	movwf	17	;volatile
   955  07A9  0008               	return
   956  07AA                     __end_of_I2C_Master_Write:	
   957                           
   958                           	psect	text9
   959  079D                     __ptext9:	
   960 ;; *************** function _I2C_Master_Stop *****************
   961 ;; Defined at:
   962 ;;		line 32 in file "main.c"
   963 ;; Parameters:    Size  Location     Type
   964 ;;		None
   965 ;; Auto vars:     Size  Location     Type
   966 ;;		None
   967 ;; Return value:  Size  Location     Type
   968 ;;                  1    wreg      void 
   969 ;; Registers used:
   970 ;;		wreg, status,2, status,0, pclath, cstack
   971 ;; Tracked objects:
   972 ;;		On entry : 0/0
   973 ;;		On exit  : 0/0
   974 ;;		Unchanged: 0/0
   975 ;; Data sizes:     COMMON   BANK0   BANK1
   976 ;;      Params:         0       0       0
   977 ;;      Locals:         0       0       0
   978 ;;      Temps:          0       0       0
   979 ;;      Totals:         0       0       0
   980 ;;Total ram usage:        0 bytes
   981 ;; Hardware stack levels used:    1
   982 ;; Hardware stack levels required when called:    1
   983 ;; This function calls:
   984 ;;		_I2C_Master_Wait
   985 ;; This function is called by:
   986 ;;		_i2cSend
   987 ;; This function uses a non-reentrant model
   988 ;;
   989                           
   990                           
   991                           ;psect for function _I2C_Master_Stop
   992  079D                     _I2C_Master_Stop:	
   993                           
   994                           ;main.c: 34:   I2C_Master_Wait();
   995                           
   996                           ;incstack = 0
   997                           ; Regs used in _I2C_Master_Stop: [wreg+status,2+status,0+pclath+cstack]
   998  079D  27BB               	fcall	_I2C_Master_Wait
   999                           
  1000                           ;main.c: 35:   PEN = 1;
  1001  079E  0024               	movlb	4	; select bank4
  1002  079F  1516               	bsf	22,2	;volatile
  1003  07A0  0008               	return
  1004  07A1                     __end_of_I2C_Master_Stop:	
  1005                           
  1006                           	psect	text10
  1007  0799                     __ptext10:	
  1008 ;; *************** function _I2C_Master_Start *****************
  1009 ;; Defined at:
  1010 ;;		line 20 in file "main.c"
  1011 ;; Parameters:    Size  Location     Type
  1012 ;;		None
  1013 ;; Auto vars:     Size  Location     Type
  1014 ;;		None
  1015 ;; Return value:  Size  Location     Type
  1016 ;;                  1    wreg      void 
  1017 ;; Registers used:
  1018 ;;		wreg, status,2, status,0, pclath, cstack
  1019 ;; Tracked objects:
  1020 ;;		On entry : 0/0
  1021 ;;		On exit  : 0/0
  1022 ;;		Unchanged: 0/0
  1023 ;; Data sizes:     COMMON   BANK0   BANK1
  1024 ;;      Params:         0       0       0
  1025 ;;      Locals:         0       0       0
  1026 ;;      Temps:          0       0       0
  1027 ;;      Totals:         0       0       0
  1028 ;;Total ram usage:        0 bytes
  1029 ;; Hardware stack levels used:    1
  1030 ;; Hardware stack levels required when called:    1
  1031 ;; This function calls:
  1032 ;;		_I2C_Master_Wait
  1033 ;; This function is called by:
  1034 ;;		_i2cSend
  1035 ;; This function uses a non-reentrant model
  1036 ;;
  1037                           
  1038                           
  1039                           ;psect for function _I2C_Master_Start
  1040  0799                     _I2C_Master_Start:	
  1041                           
  1042                           ;main.c: 22:   I2C_Master_Wait();
  1043                           
  1044                           ;incstack = 0
  1045                           ; Regs used in _I2C_Master_Start: [wreg+status,2+status,0+pclath+cstack]
  1046  0799  27BB               	fcall	_I2C_Master_Wait
  1047                           
  1048                           ;main.c: 23:   SEN = 1;
  1049  079A  0024               	movlb	4	; select bank4
  1050  079B  1416               	bsf	22,0	;volatile
  1051  079C  0008               	return
  1052  079D                     __end_of_I2C_Master_Start:	
  1053                           
  1054                           	psect	text11
  1055  07BB                     __ptext11:	
  1056 ;; *************** function _I2C_Master_Wait *****************
  1057 ;; Defined at:
  1058 ;;		line 15 in file "main.c"
  1059 ;; Parameters:    Size  Location     Type
  1060 ;;		None
  1061 ;; Auto vars:     Size  Location     Type
  1062 ;;		None
  1063 ;; Return value:  Size  Location     Type
  1064 ;;                  1    wreg      void 
  1065 ;; Registers used:
  1066 ;;		wreg, status,2
  1067 ;; Tracked objects:
  1068 ;;		On entry : 0/0
  1069 ;;		On exit  : 0/0
  1070 ;;		Unchanged: 0/0
  1071 ;; Data sizes:     COMMON   BANK0   BANK1
  1072 ;;      Params:         0       0       0
  1073 ;;      Locals:         0       0       0
  1074 ;;      Temps:          0       0       0
  1075 ;;      Totals:         0       0       0
  1076 ;;Total ram usage:        0 bytes
  1077 ;; Hardware stack levels used:    1
  1078 ;; This function calls:
  1079 ;;		Nothing
  1080 ;; This function is called by:
  1081 ;;		_I2C_Master_Start
  1082 ;;		_I2C_Master_Stop
  1083 ;;		_I2C_Master_Write
  1084 ;;		_I2C_Master_RepeatedStart
  1085 ;; This function uses a non-reentrant model
  1086 ;;
  1087                           
  1088                           
  1089                           ;psect for function _I2C_Master_Wait
  1090  07BB                     _I2C_Master_Wait:	
  1091  07BB                     l23:	
  1092                           ;main.c: 17:   while ((SSPSTAT & 0x04) || (SSPCON2 & 0x1F));
  1093                           
  1094                           ;incstack = 0
  1095                           ; Regs used in _I2C_Master_Wait: [wreg+status,2]
  1096                           
  1097  07BB  0024               	movlb	4	; select bank4
  1098  07BC  1914               	btfsc	20,2	;volatile
  1099  07BD  2FBB               	goto	l23
  1100  07BE  0816               	movf	22,w	;volatile
  1101  07BF  391F               	andlw	31
  1102  07C0  1903               	btfsc	3,2
  1103  07C1  0008               	return
  1104  07C2  2FBB               	goto	l23
  1105  07C3                     __end_of_I2C_Master_Wait:	
  1106  007E                     btemp	set	126	;btemp
  1107  007E                     wtemp0	set	126


Data Sizes:
    Strings     0
    Constant    0
    Data        0
    BSS         0
    Persistent  32
    Stack       0

Auto Spaces:
    Space          Size  Autos    Used
    COMMON           14      7       7
    BANK0            80      0       0
    BANK1            32      0       0

Pointer List with Targets:

    None.

Critical Paths under _main in COMMON

    _main->_i2cSend
    _i2cSend->_I2C_Master_Write

Critical Paths under _main in BANK0

    None.

Critical Paths under _main in BANK1

    None.

Call Graph Tables:

 ---------------------------------------------------------------------------------
 (Depth) Function   	        Calls       Base Space   Used Autos Params    Refs
 ---------------------------------------------------------------------------------
 (0) _main                                                 5     5      0     318
                                              4 COMMON     3     3      0
                            _i2cSend
                               _init
 ---------------------------------------------------------------------------------
 (1) _init                                                 0     0      0       0
                           _init_i2c
                    _init_oscillator
                         _init_ports
 ---------------------------------------------------------------------------------
 (2) _init_ports                                           0     0      0       0
                        _reset_ports
 ---------------------------------------------------------------------------------
 (3) _reset_ports                                          0     0      0       0
 ---------------------------------------------------------------------------------
 (2) _init_oscillator                                      0     0      0       0
 ---------------------------------------------------------------------------------
 (2) _init_i2c                                             0     0      0       0
                    _init_i2c_master
 ---------------------------------------------------------------------------------
 (3) _init_i2c_master                                      0     0      0       0
 ---------------------------------------------------------------------------------
 (1) _i2cSend                                              2     0      2     272
                                              2 COMMON     2     0      2
                   _I2C_Master_Start
                    _I2C_Master_Stop
                   _I2C_Master_Write
 ---------------------------------------------------------------------------------
 (2) _I2C_Master_Write                                     2     0      2     174
                                              0 COMMON     2     0      2
                    _I2C_Master_Wait
 ---------------------------------------------------------------------------------
 (2) _I2C_Master_Stop                                      0     0      0       0
                    _I2C_Master_Wait
 ---------------------------------------------------------------------------------
 (2) _I2C_Master_Start                                     0     0      0       0
                    _I2C_Master_Wait
 ---------------------------------------------------------------------------------
 (3) _I2C_Master_Wait                                      0     0      0       0
 ---------------------------------------------------------------------------------
 Estimated maximum stack depth 3
 ---------------------------------------------------------------------------------

 Call Graph Graphs:

 _main (ROOT)
   _i2cSend
     _I2C_Master_Start
       _I2C_Master_Wait
     _I2C_Master_Stop
       _I2C_Master_Wait
     _I2C_Master_Write
       _I2C_Master_Wait
   _init
     _init_i2c
       _init_i2c_master
     _init_oscillator
     _init_ports
       _reset_ports

 Address spaces:
Name               Size   Autos  Total    Cost      Usage
BIGRAM              70      0       0       0        0.0%
NULL                 0      0       0       0        0.0%
CODE                 0      0       0       0        0.0%
BITCOMMON            E      0       0       1        0.0%
BITSFR0              0      0       0       1        0.0%
SFR0                 0      0       0       1        0.0%
COMMON               E      7       7       2       50.0%
BITSFR1              0      0       0       2        0.0%
SFR1                 0      0       0       2        0.0%
BITSFR2              0      0       0       3        0.0%
SFR2                 0      0       0       3        0.0%
STACK                0      0       0       3        0.0%
BITSFR3              0      0       0       4        0.0%
SFR3                 0      0       0       4        0.0%
ABS                  0      0       0       4        0.0%
BITBANK0            50      0       0       5        0.0%
BITSFR4              0      0       0       5        0.0%
SFR4                 0      0       0       5        0.0%
BANK0               50      0       0       6        0.0%
BITSFR5              0      0       0       6        0.0%
SFR5                 0      0       0       6        0.0%
BITBANK1            20      0       0       7        0.0%
BITSFR6              0      0       0       7        0.0%
SFR6                 0      0       0       7        0.0%
BANK1               20      0       0       8        0.0%
BITSFR7              0      0       0       8        0.0%
SFR7                 0      0       0       8        0.0%
BITSFR8              0      0       0       9        0.0%
SFR8                 0      0       0       9        0.0%
DATA                 0      0       0       9        0.0%
BITSFR9              0      0       0      10        0.0%
SFR9                 0      0       0      10        0.0%
BITSFR10             0      0       0      11        0.0%
SFR10                0      0       0      11        0.0%
BITSFR11             0      0       0      12        0.0%
SFR11                0      0       0      12        0.0%
BITSFR12             0      0       0      13        0.0%
SFR12                0      0       0      13        0.0%
BITSFR13             0      0       0      14        0.0%
SFR13                0      0       0      14        0.0%
BITSFR14             0      0       0      15        0.0%
SFR14                0      0       0      15        0.0%
BITSFR15             0      0       0      16        0.0%
SFR15                0      0       0      16        0.0%
BITSFR16             0      0       0      17        0.0%
SFR16                0      0       0      17        0.0%
BITSFR17             0      0       0      18        0.0%
SFR17                0      0       0      18        0.0%
BITSFR18             0      0       0      19        0.0%
SFR18                0      0       0      19        0.0%
BITSFR19             0      0       0      20        0.0%
SFR19                0      0       0      20        0.0%
BITSFR20             0      0       0      21        0.0%
SFR20                0      0       0      21        0.0%
BITSFR21             0      0       0      22        0.0%
SFR21                0      0       0      22        0.0%
BITSFR22             0      0       0      23        0.0%
SFR22                0      0       0      23        0.0%
BITSFR23             0      0       0      24        0.0%
SFR23                0      0       0      24        0.0%
BITSFR24             0      0       0      25        0.0%
SFR24                0      0       0      25        0.0%
BITSFR25             0      0       0      26        0.0%
SFR25                0      0       0      26        0.0%
BITSFR26             0      0       0      27        0.0%
SFR26                0      0       0      27        0.0%
BITSFR27             0      0       0      28        0.0%
SFR27                0      0       0      28        0.0%
BITSFR28             0      0       0      29        0.0%
SFR28                0      0       0      29        0.0%
BITSFR29             0      0       0      30        0.0%
SFR29                0      0       0      30        0.0%
BITSFR30             0      0       0      31        0.0%
SFR30                0      0       0      31        0.0%
BITSFR31             0      0       0      32        0.0%
SFR31                0      0       0      32        0.0%


Microchip Technology PIC Macro Assembler V2.05 build -831301201 
Symbol Table                                                                                   Mon Aug 05 16:00:07 2019

                       l23 07BB                         u57 07ED                i2cSend@data 0072  
                      l709 07EA                        _PEN 10B2                        _SEN 10B0  
                      wreg 0009                       _LATA 010C                       _LATB 010D  
                     _LATC 010E                       _RSEN 10B1                       _main 07E5  
                     _init 07A1                       btemp 007E          ??_init_oscillator 0070  
                     start 0001            __end_of_i2cSend 07D8    __end_of_init_i2c_master 07CB  
         ?_I2C_Master_Wait 0070           ?_I2C_Master_Stop 0070                      ?_main 0070  
                    ?_init 0070                      _TRISA 008C                      _TRISB 008D  
                    _TRISC 008E                      main@v 0075                      status 0003  
                    wtemp0 007E            __initialization 07FE               __end_of_main 07FE  
             __end_of_init 07A5                     ??_main 0074                     ??_init 0070  
        ?_I2C_Master_Start 0070          ?_I2C_Master_Write 0070         ??_I2C_Master_Start 0070  
       ??_I2C_Master_Write 0072                     _ANSELA 018C                     _ANSELB 018D  
                   _ANSELC 018E                     _SSPADD 0212                     _SSPBUF 0211  
                ??_i2cSend 0074               ?_reset_ports 0070           __end_of_init_i2c 07AF  
         ?_init_i2c_master 0070    __end_of__initialization 07FE             __pcstackCOMMON 0070  
          _init_oscillator 07B4                 __pmaintext 07E5                    _SSPCON1 0215  
                  _SSPCON2 0216                    _SSPSTAT 0214                  ?_init_i2c 0070  
                  _i2cSend 07CB       __size_of_reset_ports 000D    __end_of_init_oscillator 07BB  
               _init_ports 07AF                    __ptext1 07A1                    __ptext2 07AF  
                  __ptext3 07D8                    __ptext4 07B4                    __ptext5 07AA  
                  __ptext6 07C3                    __ptext7 07CB                    __ptext8 07A5  
                  __ptext9 079D   __size_of_I2C_Master_Wait 0008   __size_of_I2C_Master_Stop 0004  
     end_of_initialization 07FE                 ??_init_i2c 0070  __size_of_I2C_Master_Start 0004  
__size_of_I2C_Master_Write 0005                ?_init_ports 0070           ?_init_oscillator 0070  
      start_initialization 07FE   __size_of_init_i2c_master 0008          ??_I2C_Master_Wait 0070  
        ??_I2C_Master_Stop 0070                  ___latbits 0000        __size_of_init_ports 0005  
                 ?_i2cSend 0072           _I2C_Master_Start 0799           _I2C_Master_Write 07A5  
        __size_of_init_i2c 0005          ??_init_i2c_master 0070                   _LATCbits 010E  
            ??_reset_ports 0070           __size_of_i2cSend 000D               ??_init_ports 0070  
      __end_of_reset_ports 07E5            _I2C_Master_Wait 07BB            _I2C_Master_Stop 079D  
                 __ptext10 0799                   __ptext11 07BB                   _init_i2c 07AA  
            __size_of_main 0019              __size_of_init 0004         __end_of_init_ports 07B4  
 __end_of_I2C_Master_Start 079D   __end_of_I2C_Master_Write 07AA   __size_of_init_oscillator 0007  
               _OSCCONbits 0099                _reset_ports 07D8    __end_of_I2C_Master_Wait 07C3  
  __end_of_I2C_Master_Stop 07A1          I2C_Master_Write@d 0070            _init_i2c_master 07C3  
